2026-04-05 09:47:43 [INFO    ] fea_solver: Logging initialized for case: case_02_cantilever_beam
2026-04-05 09:47:43 [INFO    ] fea_solver: === FEA Solver started: case_02_cantilever_beam ===
2026-04-05 09:47:43 [INFO    ] fea_solver: Config: config\case_02_cantilever_beam.yaml
2026-04-05 09:47:43 [DEBUG   ] fea_solver.assembler: Built DOF map: 6 total DOFs
2026-04-05 09:47:43 [INFO    ] fea_solver: Assembling global stiffness matrix (6x6)...
2026-04-05 09:47:43 [DEBUG   ] fea_solver.assembler: Assembled global K: shape (6, 6)
2026-04-05 09:47:43 [DEBUG   ] fea_solver.assembler: Nodal load -1 applied at node 3 DOF v (global 4)
2026-04-05 09:47:43 [INFO    ] fea_solver: Solving displacement system...
2026-04-05 09:47:43 [DEBUG   ] fea_solver.constraints: Constrained DOFs: [0, 1]
2026-04-05 09:47:43 [DEBUG   ] fea_solver.constraints: Constrained DOFs: [0, 1]
2026-04-05 09:47:43 [DEBUG   ] fea_solver.constraints: Free DOFs: [2, 3, 4, 5]
2026-04-05 09:47:43 [DEBUG   ] fea_solver.constraints: Reduced system: 4 free DOFs, 2 constrained DOFs
2026-04-05 09:47:43 [DEBUG   ] fea_solver.solver: K_ff condition number: 4.200e+02
2026-04-05 09:47:43 [DEBUG   ] fea_solver.solver: Max displacement: 5.000000e-01
2026-04-05 09:47:43 [DEBUG   ] fea_solver.solver: Reactions: [1. 1.]
2026-04-05 09:47:43 [INFO    ] fea_solver.solver: Solve complete: max|u|=5.0000e-01, max|R|=1.0000e+00
2026-04-05 09:47:43 [INFO    ] fea_solver: Post-processing element internal forces...
2026-04-05 09:47:43 [DEBUG   ] fea_solver.postprocessor: Element 1: V_range=[1.0000e+00, 1.0000e+00], M_range=[-1.0000e+00, -5.0000e-01]
2026-04-05 09:47:43 [DEBUG   ] fea_solver.postprocessor: Post-processed element 1
2026-04-05 09:47:43 [DEBUG   ] fea_solver.postprocessor: Element 2: V_range=[1.0000e+00, 1.0000e+00], M_range=[-5.0000e-01, 0.0000e+00]
2026-04-05 09:47:43 [DEBUG   ] fea_solver.postprocessor: Post-processed element 2
2026-04-05 09:47:43 [DEBUG   ] fea_solver.constraints: Constrained DOFs: [0, 1]
2026-04-05 09:47:43 [INFO    ] fea_solver.reporter: Report generated:
============================================================
FEA SOLVER REPORT — case_02_cantilever_beam
============================================================
Nodes: 3
Elements: 2
Total DOFs: 6

--- Nodal Displacements ---
  Node 1 (x=0.000): v=0.000000e+00 θ=0.000000e+00
  Node 2 (x=0.500): v=-1.041667e-01 θ=-3.750000e-01
  Node 3 (x=1.000): v=-3.333333e-01 θ=-5.000000e-01

--- Element Forces ---
  Elem 1: N=0.0000e+00 N, |V|_max=1.0000e+00 N, |M|_max=1.0000e+00 N·m
  Elem 2: N=0.0000e+00 N, |V|_max=1.0000e+00 N, |M|_max=5.0000e-01 N·m
2026-04-05 09:47:43 [INFO    ] fea_solver: === FEA Solver complete ===
