2026-04-05 09:47:16 [INFO    ] fea_solver: Logging initialized for case: case_01_bar_axial
2026-04-05 09:47:16 [INFO    ] fea_solver: === FEA Solver started: case_01_bar_axial ===
2026-04-05 09:47:16 [INFO    ] fea_solver: Config: config\case_01_bar_axial.yaml
2026-04-05 09:47:16 [DEBUG   ] fea_solver.assembler: Built DOF map: 3 total DOFs
2026-04-05 09:47:16 [INFO    ] fea_solver: Assembling global stiffness matrix (3x3)...
2026-04-05 09:47:16 [DEBUG   ] fea_solver.assembler: Assembled global K: shape (3, 3)
2026-04-05 09:47:16 [DEBUG   ] fea_solver.assembler: Nodal load 1e+04 applied at node 3 DOF u (global 2)
2026-04-05 09:47:16 [INFO    ] fea_solver: Solving displacement system...
2026-04-05 09:47:16 [DEBUG   ] fea_solver.constraints: Constrained DOFs: [0]
2026-04-05 09:47:16 [DEBUG   ] fea_solver.constraints: Constrained DOFs: [0]
2026-04-05 09:47:16 [DEBUG   ] fea_solver.constraints: Free DOFs: [1, 2]
2026-04-05 09:47:16 [DEBUG   ] fea_solver.constraints: Reduced system: 2 free DOFs, 1 constrained DOFs
2026-04-05 09:47:16 [DEBUG   ] fea_solver.solver: K_ff condition number: 6.854e+00
2026-04-05 09:47:16 [DEBUG   ] fea_solver.solver: Max displacement: 5.000000e-06
2026-04-05 09:47:16 [DEBUG   ] fea_solver.solver: Reactions: [-10000.]
2026-04-05 09:47:16 [INFO    ] fea_solver.solver: Solve complete: max|u|=5.0000e-06, max|R|=1.0000e+04
2026-04-05 09:47:16 [INFO    ] fea_solver: Post-processing element internal forces...
2026-04-05 09:47:16 [DEBUG   ] fea_solver.postprocessor: Element 1: axial force N = 1.0000e+04 N
2026-04-05 09:47:16 [DEBUG   ] fea_solver.postprocessor: Post-processed element 1
2026-04-05 09:47:16 [DEBUG   ] fea_solver.postprocessor: Element 2: axial force N = 1.0000e+04 N
2026-04-05 09:47:16 [DEBUG   ] fea_solver.postprocessor: Post-processed element 2
2026-04-05 09:47:16 [DEBUG   ] fea_solver.constraints: Constrained DOFs: [0]
2026-04-05 09:47:16 [INFO    ] fea_solver.reporter: Report generated:
============================================================
FEA SOLVER REPORT — case_01_bar_axial
============================================================
Nodes: 3
Elements: 2
Total DOFs: 3

--- Nodal Displacements ---
  Node 1 (x=0.000): u=0.000000e+00
  Node 2 (x=0.500): u=2.500000e-06
  Node 3 (x=1.000): u=5.000000e-06

--- Element Forces ---
  Elem 1: N=1.0000e+04 N, |V|_max=0.0000e+00 N, |M|_max=0.0000e+00 N·m
  Elem 2: N=1.0000e+04 N, |V|_max=0.0000e+00 N, |M|_max=0.0000e+00 N·m
2026-04-05 09:47:16 [INFO    ] fea_solver: === FEA Solver complete ===
