2026-04-05 09:47:53 [INFO    ] fea_solver: Logging initialized for case: case_06_distributed_load
2026-04-05 09:47:53 [INFO    ] fea_solver: === FEA Solver started: case_06_distributed_load ===
2026-04-05 09:47:53 [INFO    ] fea_solver: Config: config\case_06_distributed_load.yaml
2026-04-05 09:47:53 [DEBUG   ] fea_solver.assembler: Built DOF map: 10 total DOFs
2026-04-05 09:47:53 [INFO    ] fea_solver: Assembling global stiffness matrix (10x10)...
2026-04-05 09:47:53 [DEBUG   ] fea_solver.assembler: Assembled global K: shape (10, 10)
2026-04-05 09:47:53 [DEBUG   ] fea_solver.assembler: Distributed load on element 1 scattered to DOFs [0, 1, 2, 3]
2026-04-05 09:47:53 [DEBUG   ] fea_solver.assembler: Distributed load on element 2 scattered to DOFs [2, 3, 4, 5]
2026-04-05 09:47:53 [DEBUG   ] fea_solver.assembler: Distributed load on element 3 scattered to DOFs [4, 5, 6, 7]
2026-04-05 09:47:53 [DEBUG   ] fea_solver.assembler: Distributed load on element 4 scattered to DOFs [6, 7, 8, 9]
2026-04-05 09:47:53 [INFO    ] fea_solver: Solving displacement system...
2026-04-05 09:47:53 [DEBUG   ] fea_solver.constraints: Constrained DOFs: [0, 8]
2026-04-05 09:47:53 [DEBUG   ] fea_solver.constraints: Constrained DOFs: [0, 8]
2026-04-05 09:47:53 [DEBUG   ] fea_solver.constraints: Free DOFs: [1, 2, 3, 4, 5, 6, 7, 9]
2026-04-05 09:47:53 [DEBUG   ] fea_solver.constraints: Reduced system: 8 free DOFs, 2 constrained DOFs
2026-04-05 09:47:53 [DEBUG   ] fea_solver.solver: K_ff condition number: 5.344e+02
2026-04-05 09:47:53 [DEBUG   ] fea_solver.solver: Max displacement: 3.333333e-01
2026-04-05 09:47:53 [DEBUG   ] fea_solver.solver: Reactions: [1. 1.]
2026-04-05 09:47:53 [INFO    ] fea_solver.solver: Solve complete: max|u|=3.3333e-01, max|R|=1.0000e+00
2026-04-05 09:47:53 [INFO    ] fea_solver: Post-processing element internal forces...
2026-04-05 09:47:53 [DEBUG   ] fea_solver.postprocessor: Element 1: V_range=[7.5000e-01, 7.5000e-01], M_range=[2.0833e-02, 3.9583e-01]
2026-04-05 09:47:53 [DEBUG   ] fea_solver.postprocessor: Post-processed element 1
2026-04-05 09:47:53 [DEBUG   ] fea_solver.postprocessor: Element 2: V_range=[2.5000e-01, 2.5000e-01], M_range=[3.9583e-01, 5.2083e-01]
2026-04-05 09:47:53 [DEBUG   ] fea_solver.postprocessor: Post-processed element 2
2026-04-05 09:47:53 [DEBUG   ] fea_solver.postprocessor: Element 3: V_range=[-2.5000e-01, -2.5000e-01], M_range=[3.9583e-01, 5.2083e-01]
2026-04-05 09:47:53 [DEBUG   ] fea_solver.postprocessor: Post-processed element 3
2026-04-05 09:47:53 [DEBUG   ] fea_solver.postprocessor: Element 4: V_range=[-7.5000e-01, -7.5000e-01], M_range=[2.0833e-02, 3.9583e-01]
2026-04-05 09:47:53 [DEBUG   ] fea_solver.postprocessor: Post-processed element 4
2026-04-05 09:47:53 [DEBUG   ] fea_solver.constraints: Constrained DOFs: [0, 8]
2026-04-05 09:47:53 [INFO    ] fea_solver.reporter: Report generated:
============================================================
FEA SOLVER REPORT — case_06_distributed_load
============================================================
Nodes: 5
Elements: 4
Total DOFs: 10

--- Nodal Displacements ---
  Node 1 (x=0.000): v=0.000000e+00 θ=-3.333333e-01
  Node 2 (x=0.500): v=-1.484375e-01 θ=-2.291667e-01
  Node 3 (x=1.000): v=-2.083333e-01 θ=1.973730e-16
  Node 4 (x=1.500): v=-1.484375e-01 θ=2.291667e-01
  Node 5 (x=2.000): v=0.000000e+00 θ=3.333333e-01

--- Element Forces ---
  Elem 1: N=0.0000e+00 N, |V|_max=7.5000e-01 N, |M|_max=3.9583e-01 N·m
  Elem 2: N=0.0000e+00 N, |V|_max=2.5000e-01 N, |M|_max=5.2083e-01 N·m
  Elem 3: N=0.0000e+00 N, |V|_max=2.5000e-01 N, |M|_max=5.2083e-01 N·m
  Elem 4: N=0.0000e+00 N, |V|_max=7.5000e-01 N, |M|_max=3.9583e-01 N·m
2026-04-05 09:47:53 [INFO    ] fea_solver: === FEA Solver complete ===
