2026-04-05 14:28:16 [INFO    ] fea_solver: Logging initialized for case: hw1_prob2_fine
2026-04-05 14:28:16 [INFO    ] fea_solver: === FEA Solver started: hw1_prob2_fine ===
2026-04-05 14:28:16 [INFO    ] fea_solver: Config: config\hw1_prob2_fine.yaml
2026-04-05 14:28:16 [DEBUG   ] fea_solver.assembler: Built DOF map: 18 total DOFs
2026-04-05 14:28:16 [INFO    ] fea_solver: Assembling global stiffness matrix (18x18)...
2026-04-05 14:28:16 [DEBUG   ] fea_solver.assembler: Assembled global K: shape (18, 18)
2026-04-05 14:28:16 [DEBUG   ] fea_solver.assembler: Nodal load -10 applied at node 9 DOF v (global 16)
2026-04-05 14:28:16 [DEBUG   ] fea_solver.assembler: Distributed load on element 1 scattered to DOFs [0, 1, 2, 3]
2026-04-05 14:28:16 [DEBUG   ] fea_solver.assembler: Distributed load on element 2 scattered to DOFs [2, 3, 4, 5]
2026-04-05 14:28:16 [DEBUG   ] fea_solver.assembler: Distributed load on element 3 scattered to DOFs [4, 5, 6, 7]
2026-04-05 14:28:16 [DEBUG   ] fea_solver.assembler: Distributed load on element 4 scattered to DOFs [6, 7, 8, 9]
2026-04-05 14:28:16 [DEBUG   ] fea_solver.assembler: Distributed load on element 5 scattered to DOFs [8, 9, 10, 11]
2026-04-05 14:28:16 [DEBUG   ] fea_solver.assembler: Distributed load on element 6 scattered to DOFs [10, 11, 12, 13]
2026-04-05 14:28:16 [DEBUG   ] fea_solver.assembler: Distributed load on element 7 scattered to DOFs [12, 13, 14, 15]
2026-04-05 14:28:16 [DEBUG   ] fea_solver.assembler: Distributed load on element 8 scattered to DOFs [14, 15, 16, 17]
2026-04-05 14:28:16 [INFO    ] fea_solver: Solving displacement system...
2026-04-05 14:28:16 [DEBUG   ] fea_solver.constraints: Constrained DOFs: [0, 1]
2026-04-05 14:28:16 [DEBUG   ] fea_solver.constraints: Constrained DOFs: [0, 1]
2026-04-05 14:28:16 [DEBUG   ] fea_solver.constraints: Free DOFs: [2, 3, 4, 5, 6, 7, 8, 9, 10, 11, 12, 13, 14, 15, 16, 17]
2026-04-05 14:28:16 [DEBUG   ] fea_solver.constraints: Reduced system: 16 free DOFs, 2 constrained DOFs
2026-04-05 14:28:16 [DEBUG   ] fea_solver.solver: K_ff condition number: 9.958e+06
2026-04-05 14:28:16 [DEBUG   ] fea_solver.solver: Max displacement: 1.030320e+02
2026-04-05 14:28:16 [DEBUG   ] fea_solver.solver: Reactions: [1.00e+00 1.98e+03]
2026-04-05 14:28:16 [INFO    ] fea_solver.solver: Solve complete: max|u|=1.0303e+02, max|R|=1.9800e+03
2026-04-05 14:28:16 [INFO    ] fea_solver: Post-processing element internal forces...
2026-04-05 14:28:16 [DEBUG   ] fea_solver.postprocessor: Element 1: V_range=[1.5625e+00, 1.5625e+00], M_range=[-1.9842e+03, -1.9139e+03]
2026-04-05 14:28:16 [DEBUG   ] fea_solver.postprocessor: Post-processed element 1
2026-04-05 14:28:16 [DEBUG   ] fea_solver.postprocessor: Element 2: V_range=[2.6875e+00, 2.6875e+00], M_range=[-1.9139e+03, -1.7930e+03]
2026-04-05 14:28:16 [DEBUG   ] fea_solver.postprocessor: Post-processed element 2
2026-04-05 14:28:16 [DEBUG   ] fea_solver.postprocessor: Element 3: V_range=[3.8125e+00, 3.8125e+00], M_range=[-1.7930e+03, -1.6214e+03]
2026-04-05 14:28:16 [DEBUG   ] fea_solver.postprocessor: Post-processed element 3
2026-04-05 14:28:16 [DEBUG   ] fea_solver.postprocessor: Element 4: V_range=[4.9375e+00, 4.9375e+00], M_range=[-1.6214e+03, -1.3992e+03]
2026-04-05 14:28:16 [DEBUG   ] fea_solver.postprocessor: Post-processed element 4
2026-04-05 14:28:16 [DEBUG   ] fea_solver.postprocessor: Element 5: V_range=[6.0625e+00, 6.0625e+00], M_range=[-1.3992e+03, -1.1264e+03]
2026-04-05 14:28:16 [DEBUG   ] fea_solver.postprocessor: Post-processed element 5
2026-04-05 14:28:16 [DEBUG   ] fea_solver.postprocessor: Element 6: V_range=[7.1875e+00, 7.1875e+00], M_range=[-1.1264e+03, -8.0297e+02]
2026-04-05 14:28:16 [DEBUG   ] fea_solver.postprocessor: Post-processed element 6
2026-04-05 14:28:16 [DEBUG   ] fea_solver.postprocessor: Element 7: V_range=[8.3125e+00, 8.3125e+00], M_range=[-8.0297e+02, -4.2891e+02]
2026-04-05 14:28:16 [DEBUG   ] fea_solver.postprocessor: Post-processed element 7
2026-04-05 14:28:16 [DEBUG   ] fea_solver.postprocessor: Element 8: V_range=[9.4375e+00, 9.4375e+00], M_range=[-4.2891e+02, -4.2188e+00]
2026-04-05 14:28:16 [DEBUG   ] fea_solver.postprocessor: Post-processed element 8
2026-04-05 14:28:16 [DEBUG   ] fea_solver.constraints: Constrained DOFs: [0, 1]
2026-04-05 14:28:16 [INFO    ] fea_solver.reporter: Report generated:
============================================================
FEA SOLVER REPORT — hw1_prob2_fine
============================================================
Nodes: 9
Elements: 8
Total DOFs: 18

--- Nodal Displacements ---
  Node 1 (x=0.000): v=0.000000e+00 θ=0.000000e+00
  Node 2 (x=45.000): v=-1.985291e+00 θ=-8.770781e-02
  Node 3 (x=90.000): v=-7.829156e+00 θ=-1.711125e-01
  Node 4 (x=135.000): v=-1.728670e+01 θ=-2.479359e-01
  Node 5 (x=180.000): v=-3.001050e+01 θ=-3.159000e-01
  Node 6 (x=225.000): v=-4.555063e+01 θ=-3.727266e-01
  Node 7 (x=270.000): v=-6.335466e+01 θ=-4.161375e-01
  Node 8 (x=315.000): v=-8.276760e+01 θ=-4.438547e-01
  Node 9 (x=360.000): v=-1.030320e+02 θ=-4.536000e-01

--- Element Forces ---
  Elem 1: N=0.0000e+00 N, |V|_max=1.5625e+00 N, |M|_max=1.9842e+03 N·m
  Elem 2: N=0.0000e+00 N, |V|_max=2.6875e+00 N, |M|_max=1.9139e+03 N·m
  Elem 3: N=0.0000e+00 N, |V|_max=3.8125e+00 N, |M|_max=1.7930e+03 N·m
  Elem 4: N=0.0000e+00 N, |V|_max=4.9375e+00 N, |M|_max=1.6214e+03 N·m
  Elem 5: N=0.0000e+00 N, |V|_max=6.0625e+00 N, |M|_max=1.3992e+03 N·m
  Elem 6: N=0.0000e+00 N, |V|_max=7.1875e+00 N, |M|_max=1.1264e+03 N·m
  Elem 7: N=0.0000e+00 N, |V|_max=8.3125e+00 N, |M|_max=8.0297e+02 N·m
  Elem 8: N=0.0000e+00 N, |V|_max=9.4375e+00 N, |M|_max=4.2891e+02 N·m
2026-04-05 14:28:17 [INFO    ] fea_solver.plotter: SFD saved to outputs\hw1_prob2_fine\hw1_prob2_fine_sfd.png
2026-04-05 14:28:17 [INFO    ] fea_solver.plotter: BMD saved to outputs\hw1_prob2_fine\hw1_prob2_fine_bmd.png
2026-04-05 14:28:18 [INFO    ] fea_solver.plotter: Deformed shape saved to outputs\hw1_prob2_fine\hw1_prob2_fine_deformed.png
2026-04-05 14:28:18 [INFO    ] fea_solver: Plots saved to outputs\hw1_prob2_fine
2026-04-05 14:28:18 [INFO    ] fea_solver: === FEA Solver complete ===
