2026-04-05 14:28:04 [INFO    ] fea_solver: Logging initialized for case: hw1_prob2_coarse
2026-04-05 14:28:04 [INFO    ] fea_solver: === FEA Solver started: hw1_prob2_coarse ===
2026-04-05 14:28:04 [INFO    ] fea_solver: Config: config\hw1_prob2_coarse.yaml
2026-04-05 14:28:04 [DEBUG   ] fea_solver.assembler: Built DOF map: 10 total DOFs
2026-04-05 14:28:04 [INFO    ] fea_solver: Assembling global stiffness matrix (10x10)...
2026-04-05 14:28:04 [DEBUG   ] fea_solver.assembler: Assembled global K: shape (10, 10)
2026-04-05 14:28:04 [DEBUG   ] fea_solver.assembler: Nodal load -10 applied at node 5 DOF v (global 8)
2026-04-05 14:28:04 [DEBUG   ] fea_solver.assembler: Distributed load on element 1 scattered to DOFs [0, 1, 2, 3]
2026-04-05 14:28:04 [DEBUG   ] fea_solver.assembler: Distributed load on element 2 scattered to DOFs [2, 3, 4, 5]
2026-04-05 14:28:04 [DEBUG   ] fea_solver.assembler: Distributed load on element 3 scattered to DOFs [4, 5, 6, 7]
2026-04-05 14:28:04 [DEBUG   ] fea_solver.assembler: Distributed load on element 4 scattered to DOFs [6, 7, 8, 9]
2026-04-05 14:28:04 [INFO    ] fea_solver: Solving displacement system...
2026-04-05 14:28:04 [DEBUG   ] fea_solver.constraints: Constrained DOFs: [0, 1]
2026-04-05 14:28:04 [DEBUG   ] fea_solver.constraints: Constrained DOFs: [0, 1]
2026-04-05 14:28:04 [DEBUG   ] fea_solver.constraints: Free DOFs: [2, 3, 4, 5, 6, 7, 8, 9]
2026-04-05 14:28:04 [DEBUG   ] fea_solver.constraints: Reduced system: 8 free DOFs, 2 constrained DOFs
2026-04-05 14:28:04 [DEBUG   ] fea_solver.solver: K_ff condition number: 2.887e+06
2026-04-05 14:28:04 [DEBUG   ] fea_solver.solver: Max displacement: 1.030320e+02
2026-04-05 14:28:04 [DEBUG   ] fea_solver.solver: Reactions: [1.00e+00 1.98e+03]
2026-04-05 14:28:04 [INFO    ] fea_solver.solver: Solve complete: max|u|=1.0303e+02, max|R|=1.9800e+03
2026-04-05 14:28:04 [INFO    ] fea_solver: Post-processing element internal forces...
2026-04-05 14:28:04 [DEBUG   ] fea_solver.postprocessor: Element 1: V_range=[2.1250e+00, 2.1250e+00], M_range=[-1.9969e+03, -1.8056e+03]
2026-04-05 14:28:04 [DEBUG   ] fea_solver.postprocessor: Post-processed element 1
2026-04-05 14:28:04 [DEBUG   ] fea_solver.postprocessor: Element 2: V_range=[4.3750e+00, 4.3750e+00], M_range=[-1.8056e+03, -1.4119e+03]
2026-04-05 14:28:04 [DEBUG   ] fea_solver.postprocessor: Post-processed element 2
2026-04-05 14:28:04 [DEBUG   ] fea_solver.postprocessor: Element 3: V_range=[6.6250e+00, 6.6250e+00], M_range=[-1.4119e+03, -8.1562e+02]
2026-04-05 14:28:04 [DEBUG   ] fea_solver.postprocessor: Post-processed element 3
2026-04-05 14:28:04 [DEBUG   ] fea_solver.postprocessor: Element 4: V_range=[8.8750e+00, 8.8750e+00], M_range=[-8.1562e+02, -1.6875e+01]
2026-04-05 14:28:04 [DEBUG   ] fea_solver.postprocessor: Post-processed element 4
2026-04-05 14:28:04 [DEBUG   ] fea_solver.constraints: Constrained DOFs: [0, 1]
2026-04-05 14:28:04 [INFO    ] fea_solver.reporter: Report generated:
============================================================
FEA SOLVER REPORT — hw1_prob2_coarse
============================================================
Nodes: 5
Elements: 4
Total DOFs: 10

--- Nodal Displacements ---
  Node 1 (x=0.000): v=0.000000e+00 θ=0.000000e+00
  Node 2 (x=90.000): v=-7.829156e+00 θ=-1.711125e-01
  Node 3 (x=180.000): v=-3.001050e+01 θ=-3.159000e-01
  Node 4 (x=270.000): v=-6.335466e+01 θ=-4.161375e-01
  Node 5 (x=360.000): v=-1.030320e+02 θ=-4.536000e-01

--- Element Forces ---
  Elem 1: N=0.0000e+00 N, |V|_max=2.1250e+00 N, |M|_max=1.9969e+03 N·m
  Elem 2: N=0.0000e+00 N, |V|_max=4.3750e+00 N, |M|_max=1.8056e+03 N·m
  Elem 3: N=0.0000e+00 N, |V|_max=6.6250e+00 N, |M|_max=1.4119e+03 N·m
  Elem 4: N=0.0000e+00 N, |V|_max=8.8750e+00 N, |M|_max=8.1562e+02 N·m
2026-04-05 14:28:04 [INFO    ] fea_solver.plotter: SFD saved to outputs\hw1_prob2_coarse\hw1_prob2_coarse_sfd.png
2026-04-05 14:28:05 [INFO    ] fea_solver.plotter: BMD saved to outputs\hw1_prob2_coarse\hw1_prob2_coarse_bmd.png
2026-04-05 14:28:05 [INFO    ] fea_solver.plotter: Deformed shape saved to outputs\hw1_prob2_coarse\hw1_prob2_coarse_deformed.png
2026-04-05 14:28:05 [INFO    ] fea_solver: Plots saved to outputs\hw1_prob2_coarse
2026-04-05 14:28:05 [INFO    ] fea_solver: === FEA Solver complete ===
