2026-04-05 14:28:44 [INFO    ] fea_solver: Logging initialized for case: hw1_prob4_fine
2026-04-05 14:28:44 [INFO    ] fea_solver: === FEA Solver started: hw1_prob4_fine ===
2026-04-05 14:28:44 [INFO    ] fea_solver: Config: config\hw1_prob4_fine.yaml
2026-04-05 14:28:44 [DEBUG   ] fea_solver.assembler: Built DOF map: 18 total DOFs
2026-04-05 14:28:44 [INFO    ] fea_solver: Assembling global stiffness matrix (18x18)...
2026-04-05 14:28:44 [DEBUG   ] fea_solver.assembler: Assembled global K: shape (18, 18)
2026-04-05 14:28:44 [DEBUG   ] fea_solver.assembler: Nodal load 100 applied at node 3 DOF theta (global 5)
2026-04-05 14:28:44 [INFO    ] fea_solver: Solving displacement system...
2026-04-05 14:28:44 [DEBUG   ] fea_solver.constraints: Constrained DOFs: [2, 6]
2026-04-05 14:28:44 [DEBUG   ] fea_solver.constraints: Constrained DOFs: [2, 6]
2026-04-05 14:28:44 [DEBUG   ] fea_solver.constraints: Free DOFs: [0, 1, 3, 4, 5, 7, 8, 9, 10, 11, 12, 13, 14, 15, 16, 17]
2026-04-05 14:28:44 [DEBUG   ] fea_solver.constraints: Reduced system: 16 free DOFs, 2 constrained DOFs
2026-04-05 14:28:44 [DEBUG   ] fea_solver.solver: K_ff condition number: 1.553e+05
2026-04-05 14:28:44 [DEBUG   ] fea_solver.solver: Max displacement: 3.009007e-02
2026-04-05 14:28:44 [DEBUG   ] fea_solver.solver: Reactions: [ 0.83208521 -0.83208521]
2026-04-05 14:28:44 [INFO    ] fea_solver.solver: Solve complete: max|u|=3.0090e-02, max|R|=8.3209e-01
2026-04-05 14:28:44 [INFO    ] fea_solver: Post-processing element internal forces...
2026-04-05 14:28:44 [DEBUG   ] fea_solver.postprocessor: Element 1: V_range=[3.5818e-15, 3.5818e-15], M_range=[-5.3808e-14, 4.6121e-14]
2026-04-05 14:28:44 [DEBUG   ] fea_solver.postprocessor: Post-processed element 1
2026-04-05 14:28:44 [DEBUG   ] fea_solver.postprocessor: Element 2: V_range=[5.1169e-16, 5.1169e-16], M_range=[-3.4591e-14, 0.0000e+00]
2026-04-05 14:28:44 [DEBUG   ] fea_solver.postprocessor: Post-processed element 2
2026-04-05 14:28:44 [DEBUG   ] fea_solver.postprocessor: Element 3: V_range=[8.3209e-01, 8.3209e-01], M_range=[-6.7260e-15, 2.5000e+01]
2026-04-05 14:28:44 [DEBUG   ] fea_solver.postprocessor: Post-processed element 3
2026-04-05 14:28:44 [DEBUG   ] fea_solver.postprocessor: Element 4: V_range=[8.3209e-01, 8.3209e-01], M_range=[2.5000e+01, 5.0000e+01]
2026-04-05 14:28:44 [DEBUG   ] fea_solver.postprocessor: Post-processed element 4
2026-04-05 14:28:44 [DEBUG   ] fea_solver.postprocessor: Element 5: V_range=[8.3209e-01, 8.3209e-01], M_range=[-5.0000e+01, -2.5000e+01]
2026-04-05 14:28:44 [DEBUG   ] fea_solver.postprocessor: Post-processed element 5
2026-04-05 14:28:44 [DEBUG   ] fea_solver.postprocessor: Element 6: V_range=[8.3209e-01, 8.3209e-01], M_range=[-2.5000e+01, 1.5374e-14]
2026-04-05 14:28:44 [DEBUG   ] fea_solver.postprocessor: Post-processed element 6
2026-04-05 14:28:44 [DEBUG   ] fea_solver.postprocessor: Element 7: V_range=[0.0000e+00, 0.0000e+00], M_range=[-7.6868e-15, 1.5374e-14]
2026-04-05 14:28:44 [DEBUG   ] fea_solver.postprocessor: Post-processed element 7
2026-04-05 14:28:44 [DEBUG   ] fea_solver.postprocessor: Element 8: V_range=[-5.1169e-16, -5.1169e-16], M_range=[-3.8434e-14, 3.8434e-14]
2026-04-05 14:28:44 [DEBUG   ] fea_solver.postprocessor: Post-processed element 8
2026-04-05 14:28:44 [DEBUG   ] fea_solver.constraints: Constrained DOFs: [2, 6]
2026-04-05 14:28:44 [INFO    ] fea_solver.reporter: Report generated:
============================================================
FEA SOLVER REPORT — hw1_prob4_fine
============================================================
Nodes: 9
Elements: 8
Total DOFs: 18

--- Nodal Displacements ---
  Node 1 (x=0.000): v=3.009007e-02 θ=-5.007500e-04
  Node 2 (x=60.090): v=0.000000e+00 θ=-5.007500e-04
  Node 3 (x=120.180): v=-2.138028e-18 θ=1.001500e-03
  Node 4 (x=180.270): v=0.000000e+00 θ=-5.007500e-04
  Node 5 (x=240.360): v=-3.009007e-02 θ=-5.007500e-04
  Node 6 (x=30.045): v=1.504503e-02 θ=-5.007500e-04
  Node 7 (x=90.135): v=-1.128378e-02 θ=-1.251875e-04
  Node 8 (x=150.225): v=1.128378e-02 θ=-1.251875e-04
  Node 9 (x=210.315): v=-1.504503e-02 θ=-5.007500e-04

--- Element Forces ---
  Elem 1: N=0.0000e+00 N, |V|_max=3.5818e-15 N, |M|_max=5.3808e-14 N·m
  Elem 2: N=0.0000e+00 N, |V|_max=5.1169e-16 N, |M|_max=3.4591e-14 N·m
  Elem 3: N=0.0000e+00 N, |V|_max=8.3209e-01 N, |M|_max=2.5000e+01 N·m
  Elem 4: N=0.0000e+00 N, |V|_max=8.3209e-01 N, |M|_max=5.0000e+01 N·m
  Elem 5: N=0.0000e+00 N, |V|_max=8.3209e-01 N, |M|_max=5.0000e+01 N·m
  Elem 6: N=0.0000e+00 N, |V|_max=8.3209e-01 N, |M|_max=2.5000e+01 N·m
  Elem 7: N=0.0000e+00 N, |V|_max=0.0000e+00 N, |M|_max=1.5374e-14 N·m
  Elem 8: N=0.0000e+00 N, |V|_max=5.1169e-16 N, |M|_max=3.8434e-14 N·m
2026-04-05 14:28:45 [INFO    ] fea_solver.plotter: SFD saved to outputs\hw1_prob4_fine\hw1_prob4_fine_sfd.png
2026-04-05 14:28:45 [INFO    ] fea_solver.plotter: BMD saved to outputs\hw1_prob4_fine\hw1_prob4_fine_bmd.png
2026-04-05 14:28:46 [INFO    ] fea_solver.plotter: Deformed shape saved to outputs\hw1_prob4_fine\hw1_prob4_fine_deformed.png
2026-04-05 14:28:46 [INFO    ] fea_solver: Plots saved to outputs\hw1_prob4_fine
2026-04-05 14:28:46 [INFO    ] fea_solver: === FEA Solver complete ===
