2026-04-05 14:28:22 [INFO    ] fea_solver: Logging initialized for case: hw1_prob3_coarse
2026-04-05 14:28:22 [INFO    ] fea_solver: === FEA Solver started: hw1_prob3_coarse ===
2026-04-05 14:28:22 [INFO    ] fea_solver: Config: config\hw1_prob3_coarse.yaml
2026-04-05 14:28:22 [DEBUG   ] fea_solver.assembler: Built DOF map: 8 total DOFs
2026-04-05 14:28:22 [INFO    ] fea_solver: Assembling global stiffness matrix (8x8)...
2026-04-05 14:28:22 [DEBUG   ] fea_solver.assembler: Assembled global K: shape (8, 8)
2026-04-05 14:28:22 [DEBUG   ] fea_solver.assembler: Distributed load on element 1 scattered to DOFs [0, 1, 2, 3]
2026-04-05 14:28:22 [DEBUG   ] fea_solver.assembler: Distributed load on element 2 scattered to DOFs [2, 3, 4, 5]
2026-04-05 14:28:22 [DEBUG   ] fea_solver.assembler: Distributed load on element 3 scattered to DOFs [4, 5, 6, 7]
2026-04-05 14:28:22 [INFO    ] fea_solver: Solving displacement system...
2026-04-05 14:28:22 [DEBUG   ] fea_solver.constraints: Constrained DOFs: [0, 1, 2]
2026-04-05 14:28:22 [DEBUG   ] fea_solver.constraints: Constrained DOFs: [0, 1, 2]
2026-04-05 14:28:22 [DEBUG   ] fea_solver.constraints: Free DOFs: [3, 4, 5, 6, 7]
2026-04-05 14:28:22 [DEBUG   ] fea_solver.constraints: Reduced system: 5 free DOFs, 3 constrained DOFs
2026-04-05 14:28:22 [DEBUG   ] fea_solver.solver: K_ff condition number: 2.811e+05
2026-04-05 14:28:22 [DEBUG   ] fea_solver.solver: Max displacement: 3.258293e+00
2026-04-05 14:28:22 [DEBUG   ] fea_solver.solver: Reactions: [  3.93144116 141.1869541  -15.53468476]
2026-04-05 14:28:22 [INFO    ] fea_solver.solver: Solve complete: max|u|=3.2583e+00, max|R|=1.4119e+02
2026-04-05 14:28:22 [INFO    ] fea_solver: Post-processing element internal forces...
2026-04-05 14:28:22 [DEBUG   ] fea_solver.postprocessor: Element 1: V_range=[6.5376e+00, 6.5376e+00], M_range=[-1.7608e+02, 3.5216e+02]
2026-04-05 14:28:22 [DEBUG   ] fea_solver.postprocessor: Post-processed element 1
2026-04-05 14:28:22 [DEBUG   ] fea_solver.postprocessor: Element 2: V_range=[-4.1090e+00, -4.1090e+00], M_range=[2.3787e+01, 3.5580e+02]
2026-04-05 14:28:22 [DEBUG   ] fea_solver.postprocessor: Post-processed element 2
2026-04-05 14:28:22 [DEBUG   ] fea_solver.postprocessor: Element 3: V_range=[-5.9278e-01, -5.9278e-01], M_range=[-1.0644e+01, 3.7253e+01]
2026-04-05 14:28:22 [DEBUG   ] fea_solver.postprocessor: Post-processed element 3
2026-04-05 14:28:22 [DEBUG   ] fea_solver.constraints: Constrained DOFs: [0, 1, 2]
2026-04-05 14:28:22 [INFO    ] fea_solver.reporter: Report generated:
============================================================
FEA SOLVER REPORT — hw1_prob3_coarse
============================================================
Nodes: 4
Elements: 3
Total DOFs: 8

--- Nodal Displacements ---
  Node 1 (x=0.000): v=0.000000e+00 θ=0.000000e+00
  Node 2 (x=80.800): v=0.000000e+00 θ=7.113563e-03
  Node 3 (x=161.600): v=1.374948e+00 θ=2.244873e-02
  Node 4 (x=242.400): v=3.258293e+00 θ=2.352374e-02

--- Element Forces ---
  Elem 1: N=0.0000e+00 N, |V|_max=6.5376e+00 N, |M|_max=3.5216e+02 N·m
  Elem 2: N=0.0000e+00 N, |V|_max=4.1090e+00 N, |M|_max=3.5580e+02 N·m
  Elem 3: N=0.0000e+00 N, |V|_max=5.9278e-01 N, |M|_max=3.7253e+01 N·m
2026-04-05 14:28:22 [INFO    ] fea_solver.plotter: SFD saved to outputs\hw1_prob3_coarse\hw1_prob3_coarse_sfd.png
2026-04-05 14:28:23 [INFO    ] fea_solver.plotter: BMD saved to outputs\hw1_prob3_coarse\hw1_prob3_coarse_bmd.png
2026-04-05 14:28:23 [INFO    ] fea_solver.plotter: Deformed shape saved to outputs\hw1_prob3_coarse\hw1_prob3_coarse_deformed.png
2026-04-05 14:28:23 [INFO    ] fea_solver: Plots saved to outputs\hw1_prob3_coarse
2026-04-05 14:28:23 [INFO    ] fea_solver: === FEA Solver complete ===
