2026-04-05 14:28:35 [INFO    ] fea_solver: Logging initialized for case: hw1_prob3_fine
2026-04-05 14:28:35 [INFO    ] fea_solver: === FEA Solver started: hw1_prob3_fine ===
2026-04-05 14:28:35 [INFO    ] fea_solver: Config: config\hw1_prob3_fine.yaml
2026-04-05 14:28:35 [DEBUG   ] fea_solver.assembler: Built DOF map: 14 total DOFs
2026-04-05 14:28:35 [INFO    ] fea_solver: Assembling global stiffness matrix (14x14)...
2026-04-05 14:28:35 [DEBUG   ] fea_solver.assembler: Assembled global K: shape (14, 14)
2026-04-05 14:28:35 [DEBUG   ] fea_solver.assembler: Distributed load on element 1 scattered to DOFs [0, 1, 2, 3]
2026-04-05 14:28:35 [DEBUG   ] fea_solver.assembler: Distributed load on element 2 scattered to DOFs [2, 3, 4, 5]
2026-04-05 14:28:35 [DEBUG   ] fea_solver.assembler: Distributed load on element 3 scattered to DOFs [4, 5, 6, 7]
2026-04-05 14:28:35 [DEBUG   ] fea_solver.assembler: Distributed load on element 4 scattered to DOFs [6, 7, 8, 9]
2026-04-05 14:28:35 [DEBUG   ] fea_solver.assembler: Distributed load on element 5 scattered to DOFs [8, 9, 10, 11]
2026-04-05 14:28:35 [DEBUG   ] fea_solver.assembler: Distributed load on element 6 scattered to DOFs [10, 11, 12, 13]
2026-04-05 14:28:35 [INFO    ] fea_solver: Solving displacement system...
2026-04-05 14:28:35 [DEBUG   ] fea_solver.constraints: Constrained DOFs: [0, 1, 4]
2026-04-05 14:28:35 [DEBUG   ] fea_solver.constraints: Constrained DOFs: [0, 1, 4]
2026-04-05 14:28:35 [DEBUG   ] fea_solver.constraints: Free DOFs: [2, 3, 5, 6, 7, 8, 9, 10, 11, 12, 13]
2026-04-05 14:28:35 [DEBUG   ] fea_solver.constraints: Reduced system: 11 free DOFs, 3 constrained DOFs
2026-04-05 14:28:35 [DEBUG   ] fea_solver.solver: K_ff condition number: 8.865e+05
2026-04-05 14:28:35 [DEBUG   ] fea_solver.solver: Max displacement: 3.890082e+00
2026-04-05 14:28:35 [DEBUG   ] fea_solver.solver: Reactions: [  5.02504959 170.83763975 -17.20344779]
2026-04-05 14:28:35 [INFO    ] fea_solver.solver: Solve complete: max|u|=3.8901e+00, max|R|=1.7084e+02
2026-04-05 14:28:35 [INFO    ] fea_solver: Post-processing element internal forces...
2026-04-05 14:28:35 [DEBUG   ] fea_solver.postprocessor: Element 1: V_range=[6.3453e+00, 6.3453e+00], M_range=[-1.7971e+02, 7.6636e+01]
2026-04-05 14:28:35 [DEBUG   ] fea_solver.postprocessor: Post-processed element 1
2026-04-05 14:28:35 [DEBUG   ] fea_solver.postprocessor: Element 2: V_range=[8.9483e+00, 8.9483e+00], M_range=[7.6840e+01, 4.3835e+02]
2026-04-05 14:28:35 [DEBUG   ] fea_solver.postprocessor: Post-processed element 2
2026-04-05 14:28:35 [DEBUG   ] fea_solver.postprocessor: Element 3: V_range=[-5.7686e+00, -5.7686e+00], M_range=[2.0573e+02, 4.3878e+02]
2026-04-05 14:28:35 [DEBUG   ] fea_solver.postprocessor: Post-processed element 3
2026-04-05 14:28:35 [DEBUG   ] fea_solver.postprocessor: Element 4: V_range=[-3.4899e+00, -3.4899e+00], M_range=[6.5442e+01, 2.0643e+02]
2026-04-05 14:28:35 [DEBUG   ] fea_solver.postprocessor: Post-processed element 4
2026-04-05 14:28:35 [DEBUG   ] fea_solver.postprocessor: Element 5: V_range=[-1.5424e+00, -1.5424e+00], M_range=[4.2482e+00, 6.6560e+01]
2026-04-05 14:28:35 [DEBUG   ] fea_solver.postprocessor: Post-processed element 5
2026-04-05 14:28:35 [DEBUG   ] fea_solver.postprocessor: Element 6: V_range=[-2.1988e-01, -2.1988e-01], M_range=[-1.9740e+00, 6.9092e+00]
2026-04-05 14:28:35 [DEBUG   ] fea_solver.postprocessor: Post-processed element 6
2026-04-05 14:28:35 [DEBUG   ] fea_solver.constraints: Constrained DOFs: [0, 1, 4]
2026-04-05 14:28:35 [INFO    ] fea_solver.reporter: Report generated:
============================================================
FEA SOLVER REPORT — hw1_prob3_fine
============================================================
Nodes: 7
Elements: 6
Total DOFs: 14

--- Nodal Displacements ---
  Node 1 (x=0.000): v=0.000000e+00 θ=0.000000e+00
  Node 2 (x=40.400): v=-7.692752e-02 θ=-2.082197e-03
  Node 3 (x=80.800): v=0.000000e+00 θ=8.324659e-03
  Node 4 (x=121.200): v=6.309987e-01 θ=2.134368e-02
  Node 5 (x=161.600): v=1.623395e+00 θ=2.683554e-02
  Node 6 (x=202.000): v=2.744919e+00 θ=2.826587e-02
  Node 7 (x=242.400): v=3.890082e+00 θ=2.836556e-02

--- Element Forces ---
  Elem 1: N=0.0000e+00 N, |V|_max=6.3453e+00 N, |M|_max=1.7971e+02 N·m
  Elem 2: N=0.0000e+00 N, |V|_max=8.9483e+00 N, |M|_max=4.3835e+02 N·m
  Elem 3: N=0.0000e+00 N, |V|_max=5.7686e+00 N, |M|_max=4.3878e+02 N·m
  Elem 4: N=0.0000e+00 N, |V|_max=3.4899e+00 N, |M|_max=2.0643e+02 N·m
  Elem 5: N=0.0000e+00 N, |V|_max=1.5424e+00 N, |M|_max=6.6560e+01 N·m
  Elem 6: N=0.0000e+00 N, |V|_max=2.1988e-01 N, |M|_max=6.9092e+00 N·m
2026-04-05 14:28:35 [INFO    ] fea_solver.plotter: SFD saved to outputs\hw1_prob3_fine\hw1_prob3_fine_sfd.png
2026-04-05 14:28:36 [INFO    ] fea_solver.plotter: BMD saved to outputs\hw1_prob3_fine\hw1_prob3_fine_bmd.png
2026-04-05 14:28:36 [INFO    ] fea_solver.plotter: Deformed shape saved to outputs\hw1_prob3_fine\hw1_prob3_fine_deformed.png
2026-04-05 14:28:36 [INFO    ] fea_solver: Plots saved to outputs\hw1_prob3_fine
2026-04-05 14:28:36 [INFO    ] fea_solver: === FEA Solver complete ===
