2026-04-05 14:27:43 [INFO    ] fea_solver: Logging initialized for case: hw1_prob1_coarse
2026-04-05 14:27:43 [INFO    ] fea_solver: === FEA Solver started: hw1_prob1_coarse ===
2026-04-05 14:27:43 [INFO    ] fea_solver: Config: config\hw1_prob1_coarse.yaml
2026-04-05 14:27:43 [DEBUG   ] fea_solver.assembler: Built DOF map: 8 total DOFs
2026-04-05 14:27:43 [INFO    ] fea_solver: Assembling global stiffness matrix (8x8)...
2026-04-05 14:27:43 [DEBUG   ] fea_solver.assembler: Assembled global K: shape (8, 8)
2026-04-05 14:27:43 [DEBUG   ] fea_solver.assembler: Nodal load 5 applied at node 4 DOF v (global 6)
2026-04-05 14:27:43 [INFO    ] fea_solver: Solving displacement system...
2026-04-05 14:27:43 [DEBUG   ] fea_solver.constraints: Constrained DOFs: [0, 2, 3, 4]
2026-04-05 14:27:43 [DEBUG   ] fea_solver.constraints: Constrained DOFs: [0, 2, 3, 4]
2026-04-05 14:27:43 [DEBUG   ] fea_solver.constraints: Free DOFs: [1, 5, 6, 7]
2026-04-05 14:27:43 [DEBUG   ] fea_solver.constraints: Reduced system: 4 free DOFs, 4 constrained DOFs
2026-04-05 14:27:43 [DEBUG   ] fea_solver.solver: K_ff condition number: 6.540e+02
2026-04-05 14:27:43 [DEBUG   ] fea_solver.solver: Max displacement: 3.095238e-03
2026-04-05 14:27:43 [DEBUG   ] fea_solver.solver: Reactions: [-11.42857143  -2.14285714   7.14285714   8.57142857]
2026-04-05 14:27:43 [INFO    ] fea_solver.solver: Solve complete: max|u|=3.0952e-03, max|R|=1.1429e+01
2026-04-05 14:27:43 [INFO    ] fea_solver: Post-processing element internal forces...
2026-04-05 14:27:43 [DEBUG   ] fea_solver.postprocessor: Element 1: V_range=[5.0000e+00, 5.0000e+00], M_range=[1.7347e-14, 5.0000e+01]
2026-04-05 14:27:43 [DEBUG   ] fea_solver.postprocessor: Post-processed element 1
2026-04-05 14:27:43 [DEBUG   ] fea_solver.postprocessor: Element 2: V_range=[-6.4286e+00, -6.4286e+00], M_range=[-1.4286e+01, 5.0000e+01]
2026-04-05 14:27:43 [DEBUG   ] fea_solver.postprocessor: Post-processed element 2
2026-04-05 14:27:43 [DEBUG   ] fea_solver.postprocessor: Element 3: V_range=[2.1429e+00, 2.1429e+00], M_range=[-1.4286e+01, 7.1429e+00]
2026-04-05 14:27:43 [DEBUG   ] fea_solver.postprocessor: Post-processed element 3
2026-04-05 14:27:43 [DEBUG   ] fea_solver.constraints: Constrained DOFs: [0, 2, 3, 4]
2026-04-05 14:27:43 [INFO    ] fea_solver.reporter: Report generated:
============================================================
FEA SOLVER REPORT — hw1_prob1_coarse
============================================================
Nodes: 4
Elements: 3
Total DOFs: 8

--- Nodal Displacements ---
  Node 1 (x=10.000): v=0.000000e+00 θ=-1.428571e-04
  Node 2 (x=30.000): v=0.000000e+00 θ=0.000000e+00
  Node 3 (x=20.000): v=0.000000e+00 θ=3.571429e-05
  Node 4 (x=0.000): v=3.095238e-03 θ=-3.928571e-04

--- Element Forces ---
  Elem 1: N=0.0000e+00 N, |V|_max=5.0000e+00 N, |M|_max=5.0000e+01 N·m
  Elem 2: N=0.0000e+00 N, |V|_max=6.4286e+00 N, |M|_max=5.0000e+01 N·m
  Elem 3: N=0.0000e+00 N, |V|_max=2.1429e+00 N, |M|_max=1.4286e+01 N·m
2026-04-05 14:27:43 [INFO    ] fea_solver.plotter: SFD saved to outputs\hw1_prob1_coarse\hw1_prob1_coarse_sfd.png
2026-04-05 14:27:44 [INFO    ] fea_solver.plotter: BMD saved to outputs\hw1_prob1_coarse\hw1_prob1_coarse_bmd.png
2026-04-05 14:27:44 [INFO    ] fea_solver.plotter: Deformed shape saved to outputs\hw1_prob1_coarse\hw1_prob1_coarse_deformed.png
2026-04-05 14:27:44 [INFO    ] fea_solver: Plots saved to outputs\hw1_prob1_coarse
2026-04-05 14:27:44 [INFO    ] fea_solver: === FEA Solver complete ===
