2026-04-17 14:18:33 [INFO    ] fea_solver: Logging initialized for case: problem_6
2026-04-17 14:18:33 [INFO    ] fea_solver: === FEA Solver started: problem_6 ===
2026-04-17 14:18:33 [INFO    ] fea_solver: Config: C:\Users\kampw\PycharmProjects\Aero-306-Project-1\config\problem_6.yaml
2026-04-17 14:18:33 [INFO    ] fea_solver: Solutions: 1
2026-04-17 14:18:33 [INFO    ] fea_solver: --- Solving: problem_6 ---
2026-04-17 14:18:33 [DEBUG   ] fea_solver.assembler: Built DOF map: 16 total DOFs
2026-04-17 14:18:33 [INFO    ] fea_solver: Assembling global stiffness matrix (16x16)...
2026-04-17 14:18:33 [DEBUG   ] fea_solver.assembler: Assembled global K: shape (16, 16)
2026-04-17 14:18:33 [DEBUG   ] fea_solver.assembler: Nodal load -50 applied at node 6 DOF v (global 11)
2026-04-17 14:18:33 [DEBUG   ] fea_solver.assembler: Nodal load -50 applied at node 7 DOF v (global 13)
2026-04-17 14:18:33 [DEBUG   ] fea_solver.assembler: Nodal load -50 applied at node 8 DOF v (global 15)
2026-04-17 14:18:33 [INFO    ] fea_solver: Solving displacement system...
2026-04-17 14:18:33 [DEBUG   ] fea_solver.constraints: Penalty constraints applied: 3 constraints, k_penalty=5.468e+10
2026-04-17 14:18:33 [DEBUG   ] fea_solver.solver: K_mod condition number: 7.775e+09
2026-04-17 14:18:33 [DEBUG   ] fea_solver.solver: Max displacement: 3.256647e+00
2026-04-17 14:18:33 [DEBUG   ] fea_solver.constraints: Constraint residuals: [-7.50000000e+01 -1.68813205e-13 -7.50000000e+01]
2026-04-17 14:18:33 [INFO    ] fea_solver.solver: Solve complete: max|u|=3.2566e+00, max|R|=7.5000e+01
2026-04-17 14:18:33 [INFO    ] fea_solver: Post-processing element internal forces...
2026-04-17 14:18:33 [DEBUG   ] fea_solver.postprocessor: Truss element 1: N = -7.5000e+01 (c=1.0000, s=0.0000)
2026-04-17 14:18:33 [DEBUG   ] fea_solver.postprocessor: Post-processed element 1
2026-04-17 14:18:33 [DEBUG   ] fea_solver.postprocessor: Truss element 2: N = -1.0000e+02 (c=1.0000, s=0.0000)
2026-04-17 14:18:33 [DEBUG   ] fea_solver.postprocessor: Post-processed element 2
2026-04-17 14:18:33 [DEBUG   ] fea_solver.postprocessor: Truss element 3: N = -1.0000e+02 (c=1.0000, s=0.0000)
2026-04-17 14:18:33 [DEBUG   ] fea_solver.postprocessor: Post-processed element 3
2026-04-17 14:18:33 [DEBUG   ] fea_solver.postprocessor: Truss element 4: N = -7.5000e+01 (c=1.0000, s=0.0000)
2026-04-17 14:18:33 [DEBUG   ] fea_solver.postprocessor: Post-processed element 4
2026-04-17 14:18:33 [DEBUG   ] fea_solver.postprocessor: Truss element 5: N = 7.5000e+01 (c=1.0000, s=0.0000)
2026-04-17 14:18:33 [DEBUG   ] fea_solver.postprocessor: Post-processed element 5
2026-04-17 14:18:33 [DEBUG   ] fea_solver.postprocessor: Truss element 6: N = 7.5000e+01 (c=1.0000, s=0.0000)
2026-04-17 14:18:33 [DEBUG   ] fea_solver.postprocessor: Post-processed element 6
2026-04-17 14:18:33 [DEBUG   ] fea_solver.postprocessor: Truss element 7: N = -2.5000e+01 (c=0.0000, s=-1.0000)
2026-04-17 14:18:33 [DEBUG   ] fea_solver.postprocessor: Post-processed element 7
2026-04-17 14:18:33 [DEBUG   ] fea_solver.postprocessor: Truss element 8: N = 0.0000e+00 (c=0.0000, s=-1.0000)
2026-04-17 14:18:33 [DEBUG   ] fea_solver.postprocessor: Post-processed element 8
2026-04-17 14:18:33 [DEBUG   ] fea_solver.postprocessor: Truss element 9: N = -2.5000e+01 (c=0.0000, s=-1.0000)
2026-04-17 14:18:33 [DEBUG   ] fea_solver.postprocessor: Post-processed element 9
2026-04-17 14:18:33 [DEBUG   ] fea_solver.postprocessor: Truss element 10: N = 1.0607e+02 (c=0.7071, s=-0.7071)
2026-04-17 14:18:33 [DEBUG   ] fea_solver.postprocessor: Post-processed element 10
2026-04-17 14:18:33 [DEBUG   ] fea_solver.postprocessor: Truss element 11: N = 3.5355e+01 (c=0.7071, s=-0.7071)
2026-04-17 14:18:33 [DEBUG   ] fea_solver.postprocessor: Post-processed element 11
2026-04-17 14:18:33 [DEBUG   ] fea_solver.postprocessor: Truss element 12: N = 3.5355e+01 (c=0.7071, s=0.7071)
2026-04-17 14:18:33 [DEBUG   ] fea_solver.postprocessor: Post-processed element 12
2026-04-17 14:18:33 [DEBUG   ] fea_solver.postprocessor: Truss element 13: N = 1.0607e+02 (c=0.7071, s=0.7071)
2026-04-17 14:18:33 [DEBUG   ] fea_solver.postprocessor: Post-processed element 13
2026-04-17 14:18:33 [INFO    ] fea_solver.reporter: Report generated:
============================================================
FEA SOLVER REPORT -- problem_6
Unit system: empirical
============================================================
Nodes: 8
Elements: 13
Total DOFs: 16

--- Nodal Displacements ---
  Node 1 (x=0.000, y=0.000 in): u=1.732673e+00 in v=-1.371527e-09 in
  Node 2 (x=10.000, y=0.000 in): u=1.361386e+00 in v=-2.411545e+00 in
  Node 3 (x=20.000, y=0.000 in): u=8.663366e-01 in v=-3.256647e+00 in
  Node 4 (x=30.000, y=0.000 in): u=3.712871e-01 in v=-2.411545e+00 in
  Node 5 (x=40.000, y=0.000 in): u=-3.087093e-24 in v=-1.371527e-09 in
  Node 6 (x=10.000, y=-10.000 in): u=4.950495e-01 in v=-2.287782e+00 in
  Node 7 (x=20.000, y=-10.000 in): u=8.663366e-01 in v=-3.256647e+00 in
  Node 8 (x=30.000, y=-10.000 in): u=1.237624e+00 in v=-2.287782e+00 in

--- Element Forces ---
  Elem 1: N=-7.5000e+01 lb, |V|_max=0.0000e+00 lb, |M|_max=0.0000e+00 in-lb
  Elem 2: N=-1.0000e+02 lb, |V|_max=0.0000e+00 lb, |M|_max=0.0000e+00 in-lb
  Elem 3: N=-1.0000e+02 lb, |V|_max=0.0000e+00 lb, |M|_max=0.0000e+00 in-lb
  Elem 4: N=-7.5000e+01 lb, |V|_max=0.0000e+00 lb, |M|_max=0.0000e+00 in-lb
  Elem 5: N=7.5000e+01 lb, |V|_max=0.0000e+00 lb, |M|_max=0.0000e+00 in-lb
  Elem 6: N=7.5000e+01 lb, |V|_max=0.0000e+00 lb, |M|_max=0.0000e+00 in-lb
  Elem 7: N=-2.5000e+01 lb, |V|_max=0.0000e+00 lb, |M|_max=0.0000e+00 in-lb
  Elem 8: N=0.0000e+00 lb, |V|_max=0.0000e+00 lb, |M|_max=0.0000e+00 in-lb
  Elem 9: N=-2.5000e+01 lb, |V|_max=0.0000e+00 lb, |M|_max=0.0000e+00 in-lb
  Elem 10: N=1.0607e+02 lb, |V|_max=0.0000e+00 lb, |M|_max=0.0000e+00 in-lb
  Elem 11: N=3.5355e+01 lb, |V|_max=0.0000e+00 lb, |M|_max=0.0000e+00 in-lb
  Elem 12: N=3.5355e+01 lb, |V|_max=0.0000e+00 lb, |M|_max=0.0000e+00 in-lb
  Elem 13: N=1.0607e+02 lb, |V|_max=0.0000e+00 lb, |M|_max=0.0000e+00 in-lb
2026-04-17 14:18:33 [WARNING ] fea_solver.buckling: Element 1: buckling skipped (material.I=0.000e+00 is not > 0)
2026-04-17 14:18:33 [WARNING ] fea_solver.buckling: Element 2: buckling skipped (material.I=0.000e+00 is not > 0)
2026-04-17 14:18:33 [WARNING ] fea_solver.buckling: Element 3: buckling skipped (material.I=0.000e+00 is not > 0)
2026-04-17 14:18:33 [WARNING ] fea_solver.buckling: Element 4: buckling skipped (material.I=0.000e+00 is not > 0)
2026-04-17 14:18:33 [WARNING ] fea_solver.buckling: Element 5: buckling skipped (material.I=0.000e+00 is not > 0)
2026-04-17 14:18:33 [WARNING ] fea_solver.buckling: Element 6: buckling skipped (material.I=0.000e+00 is not > 0)
2026-04-17 14:18:33 [WARNING ] fea_solver.buckling: Element 7: buckling skipped (material.I=0.000e+00 is not > 0)
2026-04-17 14:18:33 [WARNING ] fea_solver.buckling: Element 8: buckling skipped (material.I=0.000e+00 is not > 0)
2026-04-17 14:18:33 [WARNING ] fea_solver.buckling: Element 9: buckling skipped (material.I=0.000e+00 is not > 0)
2026-04-17 14:18:33 [WARNING ] fea_solver.buckling: Element 10: buckling skipped (material.I=0.000e+00 is not > 0)
2026-04-17 14:18:33 [WARNING ] fea_solver.buckling: Element 11: buckling skipped (material.I=0.000e+00 is not > 0)
2026-04-17 14:18:33 [WARNING ] fea_solver.buckling: Element 12: buckling skipped (material.I=0.000e+00 is not > 0)
2026-04-17 14:18:33 [WARNING ] fea_solver.buckling: Element 13: buckling skipped (material.I=0.000e+00 is not > 0)
2026-04-17 14:18:34 [INFO    ] fea_solver.plotter: Truss forces plot saved to outputs\problem_6_truss_forces.png
2026-04-17 14:18:35 [INFO    ] fea_solver.plotter: Truss deformed plot saved to outputs\problem_6_truss_deformed.png
2026-04-17 14:18:36 [INFO    ] fea_solver.plotter: Truss stress plot saved to outputs\problem_6_truss_stress.png
2026-04-17 14:18:36 [INFO    ] fea_solver: Plots saved to outputs
2026-04-17 14:18:36 [INFO    ] fea_solver: === FEA Solver complete ===
