2026-04-15 17:01:44 [INFO    ] fea_solver: Logging initialized for case: problem_5
2026-04-15 17:01:44 [INFO    ] fea_solver: === FEA Solver started: problem_5 ===
2026-04-15 17:01:44 [INFO    ] fea_solver: Config: E:\Classes\Aero-306-Project-1\config\problem_5.yaml
2026-04-15 17:01:44 [INFO    ] fea_solver: Solutions: 1
2026-04-15 17:01:44 [INFO    ] fea_solver: --- Solving: problem_5 ---
2026-04-15 17:01:44 [DEBUG   ] fea_solver.assembler: Built DOF map: 8 total DOFs
2026-04-15 17:01:44 [INFO    ] fea_solver: Assembling global stiffness matrix (8x8)...
2026-04-15 17:01:44 [DEBUG   ] fea_solver.assembler: Assembled global K: shape (8, 8)
2026-04-15 17:01:44 [DEBUG   ] fea_solver.assembler: Nodal load -100 applied at node 2 DOF v (global 3)
2026-04-15 17:01:44 [DEBUG   ] fea_solver.assembler: Nodal load 50 applied at node 4 DOF u (global 6)
2026-04-15 17:01:44 [INFO    ] fea_solver: Solving displacement system...
2026-04-15 17:01:44 [DEBUG   ] fea_solver.constraints: Constrained DOFs: [0, 1, 4]
2026-04-15 17:01:44 [DEBUG   ] fea_solver.constraints: Constrained DOFs: [0, 1, 4]
2026-04-15 17:01:44 [DEBUG   ] fea_solver.constraints: Free DOFs: [2, 3, 5, 6, 7]
2026-04-15 17:01:44 [DEBUG   ] fea_solver.constraints: Reduced system: 5 free DOFs, 3 constrained DOFs
2026-04-15 17:01:44 [DEBUG   ] fea_solver.solver: K_ff condition number: 3.729e+01
2026-04-15 17:01:44 [DEBUG   ] fea_solver.solver: Max displacement: 2.164214e+00
2026-04-15 17:01:44 [DEBUG   ] fea_solver.solver: Reactions: [-100.  100.   50.]
2026-04-15 17:01:44 [INFO    ] fea_solver.solver: Solve complete: max|u|=2.1642e+00, max|R|=1.0000e+02
2026-04-15 17:01:44 [INFO    ] fea_solver: Post-processing element internal forces...
2026-04-15 17:01:44 [DEBUG   ] fea_solver.postprocessor: Truss element 1: N = -2.0998e-14 (c=1.0000, s=0.0000)
2026-04-15 17:01:44 [DEBUG   ] fea_solver.postprocessor: Post-processed element 1
2026-04-15 17:01:44 [DEBUG   ] fea_solver.postprocessor: Truss element 2: N = 1.4142e+02 (c=0.7071, s=-0.7071)
2026-04-15 17:01:44 [DEBUG   ] fea_solver.postprocessor: Post-processed element 2
2026-04-15 17:01:44 [DEBUG   ] fea_solver.postprocessor: Truss element 3: N = 3.3910e-14 (c=0.7071, s=0.7071)
2026-04-15 17:01:44 [DEBUG   ] fea_solver.postprocessor: Post-processed element 3
2026-04-15 17:01:44 [DEBUG   ] fea_solver.postprocessor: Truss element 4: N = -1.0000e+02 (c=0.0000, s=-1.0000)
2026-04-15 17:01:44 [DEBUG   ] fea_solver.postprocessor: Post-processed element 4
2026-04-15 17:01:44 [DEBUG   ] fea_solver.postprocessor: Truss element 5: N = -5.0000e+01 (c=1.0000, s=0.0000)
2026-04-15 17:01:44 [DEBUG   ] fea_solver.postprocessor: Post-processed element 5
2026-04-15 17:01:44 [DEBUG   ] fea_solver.constraints: Constrained DOFs: [0, 1, 4]
2026-04-15 17:01:44 [INFO    ] fea_solver.reporter: Report generated:
============================================================
FEA SOLVER REPORT -- problem_5
Unit system: empirical
============================================================
Nodes: 4
Elements: 5
Total DOFs: 8

--- Nodal Displacements ---
  Node 1 (x=0.000, y=10.000 in): u=0.000000e+00 in v=0.000000e+00 in
  Node 2 (x=10.000, y=10.000 in): u=-1.049892e-16 in v=-2.164214e+00 in
  Node 3 (x=0.000, y=0.000 in): u=0.000000e+00 in v=-2.164214e+00 in
  Node 4 (x=10.000, y=0.000 in): u=-2.500000e-01 in v=-1.664214e+00 in

--- Element Forces ---
  Elem 1: N=-2.0998e-14 lb, |V|_max=0.0000e+00 lb, |M|_max=0.0000e+00 in-lb
  Elem 2: N=1.4142e+02 lb, |V|_max=0.0000e+00 lb, |M|_max=0.0000e+00 in-lb
  Elem 3: N=3.3910e-14 lb, |V|_max=0.0000e+00 lb, |M|_max=0.0000e+00 in-lb
  Elem 4: N=-1.0000e+02 lb, |V|_max=0.0000e+00 lb, |M|_max=0.0000e+00 in-lb
  Elem 5: N=-5.0000e+01 lb, |V|_max=0.0000e+00 lb, |M|_max=0.0000e+00 in-lb
2026-04-15 17:01:44 [INFO    ] fea_solver.plotter: Truss plot saved to outputs\problem_5_truss.png
2026-04-15 17:01:44 [INFO    ] fea_solver: Plots saved to outputs
2026-04-15 17:01:44 [INFO    ] fea_solver: === FEA Solver complete ===
