2026-04-13 19:40:59 [INFO    ] fea_solver: Logging initialized for case: problem_3
2026-04-13 19:40:59 [INFO    ] fea_solver: === FEA Solver started: problem_3 ===
2026-04-13 19:40:59 [INFO    ] fea_solver: Config: config\problem_3.yaml
2026-04-13 19:40:59 [INFO    ] fea_solver: Solutions: 2
2026-04-13 19:40:59 [INFO    ] fea_solver: --- Solving: problem_3/coarse ---
2026-04-13 19:40:59 [DEBUG   ] fea_solver.assembler: Built DOF map: 8 total DOFs
2026-04-13 19:40:59 [INFO    ] fea_solver: Assembling global stiffness matrix (8x8)...
2026-04-13 19:40:59 [DEBUG   ] fea_solver.assembler: Assembled global K: shape (8, 8)
2026-04-13 19:40:59 [DEBUG   ] fea_solver.assembler: Distributed load on element 1 scattered to DOFs [0, 1, 2, 3]
2026-04-13 19:40:59 [DEBUG   ] fea_solver.assembler: Distributed load on element 2 scattered to DOFs [2, 3, 4, 5]
2026-04-13 19:40:59 [DEBUG   ] fea_solver.assembler: Distributed load on element 3 scattered to DOFs [4, 5, 6, 7]
2026-04-13 19:40:59 [INFO    ] fea_solver: Solving displacement system...
2026-04-13 19:40:59 [DEBUG   ] fea_solver.constraints: Constrained DOFs: [0, 1, 2]
2026-04-13 19:40:59 [DEBUG   ] fea_solver.constraints: Constrained DOFs: [0, 1, 2]
2026-04-13 19:40:59 [DEBUG   ] fea_solver.constraints: Free DOFs: [3, 4, 5, 6, 7]
2026-04-13 19:40:59 [DEBUG   ] fea_solver.constraints: Reduced system: 5 free DOFs, 3 constrained DOFs
2026-04-13 19:40:59 [DEBUG   ] fea_solver.solver: K_ff condition number: 2.811e+05
2026-04-13 19:40:59 [DEBUG   ] fea_solver.solver: Max displacement: 3.260241e+00
2026-04-13 19:40:59 [DEBUG   ] fea_solver.solver: Reactions: [  3.93444132 141.27960346 -15.54302165]
2026-04-13 19:40:59 [INFO    ] fea_solver.solver: Solve complete: max|u|=3.2602e+00, max|R|=1.4128e+02
2026-04-13 19:40:59 [INFO    ] fea_solver: Post-processing element internal forces...
2026-04-13 19:40:59 [DEBUG   ] fea_solver.postprocessor: Element 1: V_range=[6.5415e+00, 6.5415e+00], M_range=[-1.7618e+02, 3.5237e+02], v_range=[-8.5202e-02, 0.0000e+00]
2026-04-13 19:40:59 [DEBUG   ] fea_solver.postprocessor: Post-processed element 1
2026-04-13 19:40:59 [DEBUG   ] fea_solver.postprocessor: Element 2: V_range=[-4.1114e+00, -4.1114e+00], M_range=[2.3803e+01, 3.5600e+02], v_range=[0.0000e+00, 1.3758e+00]
2026-04-13 19:40:59 [DEBUG   ] fea_solver.postprocessor: Post-processed element 2
2026-04-13 19:40:59 [DEBUG   ] fea_solver.postprocessor: Element 3: V_range=[-5.9313e-01, -5.9313e-01], M_range=[-1.0650e+01, 3.7275e+01], v_range=[1.3758e+00, 3.2602e+00]
2026-04-13 19:40:59 [DEBUG   ] fea_solver.postprocessor: Post-processed element 3
2026-04-13 19:40:59 [DEBUG   ] fea_solver.constraints: Constrained DOFs: [0, 1, 2]
2026-04-13 19:40:59 [INFO    ] fea_solver.reporter: Report generated:
============================================================
FEA SOLVER REPORT -- problem_3/coarse
Unit system: empirical
============================================================
Nodes: 4
Elements: 3
Total DOFs: 8

--- Nodal Displacements ---
  Node 1 (x=0.000 in): v=0.000000e+00 in theta=0.000000e+00 rad
  Node 2 (x=80.800 in): v=0.000000e+00 in theta=7.117779e-03 rad
  Node 3 (x=161.600 in): v=1.375780e+00 in theta=2.246215e-02 rad
  Node 4 (x=242.400 in): v=3.260241e+00 in theta=2.353779e-02 rad

--- Element Forces ---
  Elem 1: N=0.0000e+00 lb, |V|_max=6.5415e+00 lb, |M|_max=3.5237e+02 in-lb
  Elem 2: N=0.0000e+00 lb, |V|_max=4.1114e+00 lb, |M|_max=3.5600e+02 in-lb
  Elem 3: N=0.0000e+00 lb, |V|_max=5.9313e-01 lb, |M|_max=3.7275e+01 in-lb
2026-04-13 19:40:59 [INFO    ] fea_solver: --- Solving: problem_3/fine ---
2026-04-13 19:40:59 [DEBUG   ] fea_solver.assembler: Built DOF map: 14 total DOFs
2026-04-13 19:40:59 [INFO    ] fea_solver: Assembling global stiffness matrix (14x14)...
2026-04-13 19:40:59 [DEBUG   ] fea_solver.assembler: Assembled global K: shape (14, 14)
2026-04-13 19:40:59 [DEBUG   ] fea_solver.assembler: Distributed load on element 1 scattered to DOFs [0, 1, 2, 3]
2026-04-13 19:40:59 [DEBUG   ] fea_solver.assembler: Distributed load on element 2 scattered to DOFs [2, 3, 4, 5]
2026-04-13 19:40:59 [DEBUG   ] fea_solver.assembler: Distributed load on element 3 scattered to DOFs [4, 5, 6, 7]
2026-04-13 19:40:59 [DEBUG   ] fea_solver.assembler: Distributed load on element 4 scattered to DOFs [6, 7, 8, 9]
2026-04-13 19:40:59 [DEBUG   ] fea_solver.assembler: Distributed load on element 5 scattered to DOFs [8, 9, 10, 11]
2026-04-13 19:40:59 [DEBUG   ] fea_solver.assembler: Distributed load on element 6 scattered to DOFs [10, 11, 12, 13]
2026-04-13 19:40:59 [INFO    ] fea_solver: Solving displacement system...
2026-04-13 19:40:59 [DEBUG   ] fea_solver.constraints: Constrained DOFs: [0, 1, 4]
2026-04-13 19:40:59 [DEBUG   ] fea_solver.constraints: Constrained DOFs: [0, 1, 4]
2026-04-13 19:40:59 [DEBUG   ] fea_solver.constraints: Free DOFs: [2, 3, 5, 6, 7, 8, 9, 10, 11, 12, 13]
2026-04-13 19:40:59 [DEBUG   ] fea_solver.constraints: Reduced system: 11 free DOFs, 3 constrained DOFs
2026-04-13 19:40:59 [DEBUG   ] fea_solver.solver: K_ff condition number: 8.865e+05
2026-04-13 19:40:59 [DEBUG   ] fea_solver.solver: Max displacement: 3.891716e+00
2026-04-13 19:40:59 [DEBUG   ] fea_solver.solver: Reactions: [  5.02750693 170.91504455 -17.21074725]
2026-04-13 19:40:59 [INFO    ] fea_solver.solver: Solve complete: max|u|=3.8917e+00, max|R|=1.7092e+02
2026-04-13 19:40:59 [INFO    ] fea_solver: Post-processing element internal forces...
2026-04-13 19:40:59 [DEBUG   ] fea_solver.postprocessor: Element 1: V_range=[6.3482e+00, 6.3482e+00], M_range=[-1.7980e+02, 7.6676e+01], v_range=[-7.6962e-02, 0.0000e+00]
2026-04-13 19:40:59 [DEBUG   ] fea_solver.postprocessor: Post-processed element 1
2026-04-13 19:40:59 [DEBUG   ] fea_solver.postprocessor: Element 2: V_range=[8.9521e+00, 8.9521e+00], M_range=[7.6881e+01, 4.3854e+02], v_range=[-9.4537e-02, 0.0000e+00]
2026-04-13 19:40:59 [DEBUG   ] fea_solver.postprocessor: Post-processed element 2
2026-04-13 19:40:59 [DEBUG   ] fea_solver.postprocessor: Element 3: V_range=[-5.7712e+00, -5.7712e+00], M_range=[2.0581e+02, 4.3897e+02], v_range=[0.0000e+00, 6.3128e-01]
2026-04-13 19:40:59 [DEBUG   ] fea_solver.postprocessor: Post-processed element 3
2026-04-13 19:40:59 [DEBUG   ] fea_solver.postprocessor: Element 4: V_range=[-3.4914e+00, -3.4914e+00], M_range=[6.5461e+01, 2.0651e+02], v_range=[6.3128e-01, 1.6241e+00]
2026-04-13 19:40:59 [DEBUG   ] fea_solver.postprocessor: Post-processed element 4
2026-04-13 19:40:59 [DEBUG   ] fea_solver.postprocessor: Element 5: V_range=[-1.5429e+00, -1.5429e+00], M_range=[4.2490e+00, 6.6581e+01], v_range=[1.6241e+00, 2.7461e+00]
2026-04-13 19:40:59 [DEBUG   ] fea_solver.postprocessor: Post-processed element 5
2026-04-13 19:40:59 [DEBUG   ] fea_solver.postprocessor: Element 6: V_range=[-2.1994e-01, -2.1994e-01], M_range=[-1.9746e+00, 6.9112e+00], v_range=[2.7461e+00, 3.8917e+00]
2026-04-13 19:40:59 [DEBUG   ] fea_solver.postprocessor: Post-processed element 6
2026-04-13 19:40:59 [DEBUG   ] fea_solver.constraints: Constrained DOFs: [0, 1, 4]
2026-04-13 19:40:59 [INFO    ] fea_solver.reporter: Report generated:
============================================================
FEA SOLVER REPORT -- problem_3/fine
Unit system: empirical
============================================================
Nodes: 7
Elements: 6
Total DOFs: 14

--- Nodal Displacements ---
  Node 1 (x=0.000 in): v=0.000000e+00 in theta=0.000000e+00 rad
  Node 2 (x=40.400 in): v=-7.696200e-02 in theta=-2.083036e-03 rad
  Node 3 (x=80.800 in): v=0.000000e+00 in theta=8.328222e-03 rad
  Node 4 (x=121.200 in): v=6.312760e-01 in theta=2.135282e-02 rad
  Node 5 (x=161.600 in): v=1.624103e+00 in theta=2.684679e-02 rad
  Node 6 (x=202.000 in): v=2.746070e+00 in theta=2.827752e-02 rad
  Node 7 (x=242.400 in): v=3.891716e+00 in theta=2.837724e-02 rad

--- Element Forces ---
  Elem 1: N=0.0000e+00 lb, |V|_max=6.3482e+00 lb, |M|_max=1.7980e+02 in-lb
  Elem 2: N=0.0000e+00 lb, |V|_max=8.9521e+00 lb, |M|_max=4.3854e+02 in-lb
  Elem 3: N=0.0000e+00 lb, |V|_max=5.7712e+00 lb, |M|_max=4.3897e+02 in-lb
  Elem 4: N=0.0000e+00 lb, |V|_max=3.4914e+00 lb, |M|_max=2.0651e+02 in-lb
  Elem 5: N=0.0000e+00 lb, |V|_max=1.5429e+00 lb, |M|_max=6.6581e+01 in-lb
  Elem 6: N=0.0000e+00 lb, |V|_max=2.1994e-01 lb, |M|_max=6.9112e+00 in-lb
2026-04-13 19:40:59 [INFO    ] fea_solver: === FEA Solver complete ===
