2026-04-11 17:24:02 [INFO    ] fea_solver: Logging initialized for case: problem_1
2026-04-11 17:24:02 [INFO    ] fea_solver: === FEA Solver started: problem_1 ===
2026-04-11 17:24:02 [INFO    ] fea_solver: Config: E:\Classes\Aero-306-Project-1\config\problem_1.yaml
2026-04-11 17:24:02 [INFO    ] fea_solver: Solutions: 2
2026-04-11 17:24:02 [INFO    ] fea_solver: --- Solving: problem_1/coarse ---
2026-04-11 17:24:02 [DEBUG   ] fea_solver.assembler: Built DOF map: 8 total DOFs
2026-04-11 17:24:02 [INFO    ] fea_solver: Assembling global stiffness matrix (8x8)...
2026-04-11 17:24:02 [DEBUG   ] fea_solver.assembler: Assembled global K: shape (8, 8)
2026-04-11 17:24:02 [DEBUG   ] fea_solver.assembler: Nodal load 5 applied at node 4 DOF v (global 6)
2026-04-11 17:24:02 [INFO    ] fea_solver: Solving displacement system...
2026-04-11 17:24:02 [DEBUG   ] fea_solver.constraints: Constrained DOFs: [0, 2, 3, 4]
2026-04-11 17:24:02 [DEBUG   ] fea_solver.constraints: Constrained DOFs: [0, 2, 3, 4]
2026-04-11 17:24:02 [DEBUG   ] fea_solver.constraints: Free DOFs: [1, 5, 6, 7]
2026-04-11 17:24:02 [DEBUG   ] fea_solver.constraints: Reduced system: 4 free DOFs, 4 constrained DOFs
2026-04-11 17:24:02 [DEBUG   ] fea_solver.solver: K_ff condition number: 6.540e+02
2026-04-11 17:24:03 [DEBUG   ] fea_solver.solver: Max displacement: 3.095238e-03
2026-04-11 17:24:03 [DEBUG   ] fea_solver.solver: Reactions: [-11.42857143  -2.14285714   7.14285714   8.57142857]
2026-04-11 17:24:03 [INFO    ] fea_solver.solver: Solve complete: max|u|=3.0952e-03, max|R|=1.1429e+01
2026-04-11 17:24:03 [INFO    ] fea_solver: Post-processing element internal forces...
2026-04-11 17:24:03 [DEBUG   ] fea_solver.postprocessor: Element 1: V_range=[5.0000e+00, 5.0000e+00], M_range=[1.7347e-14, 5.0000e+01], v_range=[0.0000e+00, 3.0952e-03]
2026-04-11 17:24:03 [DEBUG   ] fea_solver.postprocessor: Post-processed element 1
2026-04-11 17:24:03 [DEBUG   ] fea_solver.postprocessor: Element 2: V_range=[-6.4286e+00, -6.4286e+00], M_range=[-1.4286e+01, 5.0000e+01], v_range=[-2.4064e-04, 0.0000e+00]
2026-04-11 17:24:03 [DEBUG   ] fea_solver.postprocessor: Post-processed element 2
2026-04-11 17:24:03 [DEBUG   ] fea_solver.postprocessor: Element 3: V_range=[2.1429e+00, 2.1429e+00], M_range=[-1.4286e+01, 7.1429e+00], v_range=[0.0000e+00, 5.2910e-05]
2026-04-11 17:24:03 [DEBUG   ] fea_solver.postprocessor: Post-processed element 3
2026-04-11 17:24:03 [DEBUG   ] fea_solver.constraints: Constrained DOFs: [0, 2, 3, 4]
2026-04-11 17:24:03 [INFO    ] fea_solver.reporter: Report generated:
============================================================
FEA SOLVER REPORT -- problem_1/coarse
Unit system: empirical
============================================================
Nodes: 4
Elements: 3
Total DOFs: 8

--- Nodal Displacements ---
  Node 1 (x=10.000 in): v=0.000000e+00 in theta=-1.428571e-04 rad
  Node 2 (x=30.000 in): v=0.000000e+00 in theta=0.000000e+00 rad
  Node 3 (x=20.000 in): v=0.000000e+00 in theta=3.571429e-05 rad
  Node 4 (x=0.000 in): v=3.095238e-03 in theta=-3.928571e-04 rad

--- Element Forces ---
  Elem 1: N=0.0000e+00 lb, |V|_max=5.0000e+00 lb, |M|_max=5.0000e+01 in-lb
  Elem 2: N=0.0000e+00 lb, |V|_max=6.4286e+00 lb, |M|_max=5.0000e+01 in-lb
  Elem 3: N=0.0000e+00 lb, |V|_max=2.1429e+00 lb, |M|_max=1.4286e+01 in-lb
2026-04-11 17:24:03 [INFO    ] fea_solver: --- Solving: problem_1/fine ---
2026-04-11 17:24:03 [DEBUG   ] fea_solver.assembler: Built DOF map: 14 total DOFs
2026-04-11 17:24:03 [INFO    ] fea_solver: Assembling global stiffness matrix (14x14)...
2026-04-11 17:24:03 [DEBUG   ] fea_solver.assembler: Assembled global K: shape (14, 14)
2026-04-11 17:24:03 [DEBUG   ] fea_solver.assembler: Nodal load 5 applied at node 4 DOF v (global 6)
2026-04-11 17:24:03 [INFO    ] fea_solver: Solving displacement system...
2026-04-11 17:24:03 [DEBUG   ] fea_solver.constraints: Constrained DOFs: [0, 2, 3, 4]
2026-04-11 17:24:03 [DEBUG   ] fea_solver.constraints: Constrained DOFs: [0, 2, 3, 4]
2026-04-11 17:24:03 [DEBUG   ] fea_solver.constraints: Free DOFs: [1, 5, 6, 7, 8, 9, 10, 11, 12, 13]
2026-04-11 17:24:03 [DEBUG   ] fea_solver.constraints: Reduced system: 10 free DOFs, 4 constrained DOFs
2026-04-11 17:24:03 [DEBUG   ] fea_solver.solver: K_ff condition number: 1.720e+03
2026-04-11 17:24:03 [DEBUG   ] fea_solver.solver: Max displacement: 3.095238e-03
2026-04-11 17:24:03 [DEBUG   ] fea_solver.solver: Reactions: [-11.42857143  -2.14285714   7.14285714   8.57142857]
2026-04-11 17:24:03 [INFO    ] fea_solver.solver: Solve complete: max|u|=3.0952e-03, max|R|=1.1429e+01
2026-04-11 17:24:03 [INFO    ] fea_solver: Post-processing element internal forces...
2026-04-11 17:24:03 [DEBUG   ] fea_solver.postprocessor: Element 1: V_range=[5.0000e+00, 5.0000e+00], M_range=[-6.9389e-14, 2.5000e+01], v_range=[1.2351e-03, 3.0952e-03]
2026-04-11 17:24:03 [DEBUG   ] fea_solver.postprocessor: Post-processed element 1
2026-04-11 17:24:03 [DEBUG   ] fea_solver.postprocessor: Element 2: V_range=[5.0000e+00, 5.0000e+00], M_range=[2.5000e+01, 5.0000e+01], v_range=[0.0000e+00, 1.2351e-03]
2026-04-11 17:24:03 [DEBUG   ] fea_solver.postprocessor: Post-processed element 2
2026-04-11 17:24:03 [DEBUG   ] fea_solver.postprocessor: Element 3: V_range=[-6.4286e+00, -6.4286e+00], M_range=[1.7857e+01, 5.0000e+01], v_range=[-2.4066e-04, 0.0000e+00]
2026-04-11 17:24:03 [DEBUG   ] fea_solver.postprocessor: Post-processed element 3
2026-04-11 17:24:03 [DEBUG   ] fea_solver.postprocessor: Element 4: V_range=[-6.4286e+00, -6.4286e+00], M_range=[-1.4286e+01, 1.7857e+01], v_range=[-2.2321e-04, 0.0000e+00]
2026-04-11 17:24:03 [DEBUG   ] fea_solver.postprocessor: Post-processed element 4
2026-04-11 17:24:03 [DEBUG   ] fea_solver.postprocessor: Element 5: V_range=[2.1429e+00, 2.1429e+00], M_range=[-1.4286e+01, -3.5714e+00], v_range=[0.0000e+00, 5.2910e-05]
2026-04-11 17:24:03 [DEBUG   ] fea_solver.postprocessor: Post-processed element 5
2026-04-11 17:24:03 [DEBUG   ] fea_solver.postprocessor: Element 6: V_range=[2.1429e+00, 2.1429e+00], M_range=[-3.5714e+00, 7.1429e+00], v_range=[0.0000e+00, 4.4643e-05]
2026-04-11 17:24:03 [DEBUG   ] fea_solver.postprocessor: Post-processed element 6
2026-04-11 17:24:03 [DEBUG   ] fea_solver.constraints: Constrained DOFs: [0, 2, 3, 4]
2026-04-11 17:24:03 [INFO    ] fea_solver.reporter: Report generated:
============================================================
FEA SOLVER REPORT -- problem_1/fine
Unit system: empirical
============================================================
Nodes: 7
Elements: 6
Total DOFs: 14

--- Nodal Displacements ---
  Node 1 (x=10.000 in): v=0.000000e+00 in theta=-1.428571e-04 rad
  Node 2 (x=30.000 in): v=0.000000e+00 in theta=0.000000e+00 rad
  Node 3 (x=20.000 in): v=0.000000e+00 in theta=3.571429e-05 rad
  Node 4 (x=0.000 in): v=3.095238e-03 in theta=-3.928571e-04 rad
  Node 5 (x=5.000 in): v=1.235119e-03 in theta=-3.303571e-04 rad
  Node 6 (x=15.000 in): v=-2.232143e-04 in theta=2.678571e-05 rad
  Node 7 (x=25.000 in): v=4.464286e-05 in theta=-8.928571e-06 rad

--- Element Forces ---
  Elem 1: N=0.0000e+00 lb, |V|_max=5.0000e+00 lb, |M|_max=2.5000e+01 in-lb
  Elem 2: N=0.0000e+00 lb, |V|_max=5.0000e+00 lb, |M|_max=5.0000e+01 in-lb
  Elem 3: N=0.0000e+00 lb, |V|_max=6.4286e+00 lb, |M|_max=5.0000e+01 in-lb
  Elem 4: N=0.0000e+00 lb, |V|_max=6.4286e+00 lb, |M|_max=1.7857e+01 in-lb
  Elem 5: N=0.0000e+00 lb, |V|_max=2.1429e+00 lb, |M|_max=1.4286e+01 in-lb
  Elem 6: N=0.0000e+00 lb, |V|_max=2.1429e+00 lb, |M|_max=7.1429e+00 in-lb
2026-04-11 17:24:03 [INFO    ] fea_solver.plotter: Shear plot saved to outputs\problem_1_shear.png
2026-04-11 17:24:03 [INFO    ] fea_solver.plotter: Moments plot saved to outputs\problem_1_moment.png
2026-04-11 17:24:03 [INFO    ] fea_solver.plotter: Vertical displacement plot saved to outputs\problem_1_vertical_disp.png
2026-04-11 17:24:03 [INFO    ] fea_solver.plotter: Axial displacement plot saved to outputs\problem_1_axial_disp.png
2026-04-11 17:24:03 [INFO    ] fea_solver.plotter: Rotation plot saved to outputs\problem_1_rotation.png
2026-04-11 17:24:03 [INFO    ] fea_solver: Plots saved to outputs
2026-04-11 17:24:03 [INFO    ] fea_solver: === FEA Solver complete ===
