2026-04-11 17:24:09 [INFO    ] fea_solver: Logging initialized for case: problem_2
2026-04-11 17:24:09 [INFO    ] fea_solver: === FEA Solver started: problem_2 ===
2026-04-11 17:24:09 [INFO    ] fea_solver: Config: E:\Classes\Aero-306-Project-1\config\problem_2.yaml
2026-04-11 17:24:09 [INFO    ] fea_solver: Solutions: 2
2026-04-11 17:24:09 [INFO    ] fea_solver: --- Solving: problem_2/coarse ---
2026-04-11 17:24:09 [DEBUG   ] fea_solver.assembler: Built DOF map: 8 total DOFs
2026-04-11 17:24:09 [INFO    ] fea_solver: Assembling global stiffness matrix (8x8)...
2026-04-11 17:24:09 [DEBUG   ] fea_solver.assembler: Assembled global K: shape (8, 8)
2026-04-11 17:24:09 [DEBUG   ] fea_solver.assembler: Nodal load -10 applied at node 4 DOF v (global 6)
2026-04-11 17:24:09 [DEBUG   ] fea_solver.assembler: Distributed load on element 1 scattered to DOFs [0, 1, 2, 3]
2026-04-11 17:24:09 [DEBUG   ] fea_solver.assembler: Distributed load on element 2 scattered to DOFs [2, 3, 4, 5]
2026-04-11 17:24:09 [DEBUG   ] fea_solver.assembler: Distributed load on element 3 scattered to DOFs [4, 5, 6, 7]
2026-04-11 17:24:09 [INFO    ] fea_solver: Solving displacement system...
2026-04-11 17:24:09 [DEBUG   ] fea_solver.constraints: Constrained DOFs: [0, 1]
2026-04-11 17:24:09 [DEBUG   ] fea_solver.constraints: Constrained DOFs: [0, 1]
2026-04-11 17:24:09 [DEBUG   ] fea_solver.constraints: Free DOFs: [2, 3, 4, 5, 6, 7]
2026-04-11 17:24:09 [DEBUG   ] fea_solver.constraints: Reduced system: 6 free DOFs, 2 constrained DOFs
2026-04-11 17:24:09 [DEBUG   ] fea_solver.solver: K_ff condition number: 1.741e+06
2026-04-11 17:24:09 [DEBUG   ] fea_solver.solver: Max displacement: 1.030320e+02
2026-04-11 17:24:09 [DEBUG   ] fea_solver.solver: Reactions: [1.00e+00 1.98e+03]
2026-04-11 17:24:09 [INFO    ] fea_solver.solver: Solve complete: max|u|=1.0303e+02, max|R|=1.9800e+03
2026-04-11 17:24:09 [INFO    ] fea_solver: Post-processing element internal forces...
2026-04-11 17:24:09 [DEBUG   ] fea_solver.postprocessor: Element 1: V_range=[2.5000e+00, 2.5000e+00], M_range=[-2.0100e+03, -1.7100e+03], v_range=[-1.3752e+01, 0.0000e+00]
2026-04-11 17:24:09 [DEBUG   ] fea_solver.postprocessor: Post-processed element 1
2026-04-11 17:24:09 [DEBUG   ] fea_solver.postprocessor: Element 2: V_range=[5.5000e+00, 5.5000e+00], M_range=[-1.7100e+03, -1.0500e+03], v_range=[-5.1264e+01, -1.3752e+01]
2026-04-11 17:24:09 [DEBUG   ] fea_solver.postprocessor: Post-processed element 2
2026-04-11 17:24:09 [DEBUG   ] fea_solver.postprocessor: Element 3: V_range=[8.5000e+00, 8.5000e+00], M_range=[-1.0500e+03, -3.0000e+01], v_range=[-1.0303e+02, -5.1264e+01]
2026-04-11 17:24:09 [DEBUG   ] fea_solver.postprocessor: Post-processed element 3
2026-04-11 17:24:09 [DEBUG   ] fea_solver.constraints: Constrained DOFs: [0, 1]
2026-04-11 17:24:09 [INFO    ] fea_solver.reporter: Report generated:
============================================================
FEA SOLVER REPORT -- problem_2/coarse
Unit system: empirical
============================================================
Nodes: 4
Elements: 3
Total DOFs: 8

--- Nodal Displacements ---
  Node 1 (x=0.000 in): v=0.000000e+00 in theta=0.000000e+00 rad
  Node 2 (x=120.000 in): v=-1.375200e+01 in theta=-2.232000e-01 rad
  Node 3 (x=240.000 in): v=-5.126400e+01 in theta=-3.888000e-01 rad
  Node 4 (x=360.000 in): v=-1.030320e+02 in theta=-4.536000e-01 rad

--- Element Forces ---
  Elem 1: N=0.0000e+00 lb, |V|_max=2.5000e+00 lb, |M|_max=2.0100e+03 in-lb
  Elem 2: N=0.0000e+00 lb, |V|_max=5.5000e+00 lb, |M|_max=1.7100e+03 in-lb
  Elem 3: N=0.0000e+00 lb, |V|_max=8.5000e+00 lb, |M|_max=1.0500e+03 in-lb
2026-04-11 17:24:09 [INFO    ] fea_solver: --- Solving: problem_2/fine ---
2026-04-11 17:24:09 [DEBUG   ] fea_solver.assembler: Built DOF map: 14 total DOFs
2026-04-11 17:24:09 [INFO    ] fea_solver: Assembling global stiffness matrix (14x14)...
2026-04-11 17:24:09 [DEBUG   ] fea_solver.assembler: Assembled global K: shape (14, 14)
2026-04-11 17:24:09 [DEBUG   ] fea_solver.assembler: Nodal load -10 applied at node 7 DOF v (global 12)
2026-04-11 17:24:09 [DEBUG   ] fea_solver.assembler: Distributed load on element 1 scattered to DOFs [0, 1, 2, 3]
2026-04-11 17:24:09 [DEBUG   ] fea_solver.assembler: Distributed load on element 2 scattered to DOFs [2, 3, 4, 5]
2026-04-11 17:24:09 [DEBUG   ] fea_solver.assembler: Distributed load on element 3 scattered to DOFs [4, 5, 6, 7]
2026-04-11 17:24:09 [DEBUG   ] fea_solver.assembler: Distributed load on element 4 scattered to DOFs [6, 7, 8, 9]
2026-04-11 17:24:09 [DEBUG   ] fea_solver.assembler: Distributed load on element 5 scattered to DOFs [8, 9, 10, 11]
2026-04-11 17:24:09 [DEBUG   ] fea_solver.assembler: Distributed load on element 6 scattered to DOFs [10, 11, 12, 13]
2026-04-11 17:24:09 [INFO    ] fea_solver: Solving displacement system...
2026-04-11 17:24:09 [DEBUG   ] fea_solver.constraints: Constrained DOFs: [0, 1]
2026-04-11 17:24:09 [DEBUG   ] fea_solver.constraints: Constrained DOFs: [0, 1]
2026-04-11 17:24:09 [DEBUG   ] fea_solver.constraints: Free DOFs: [2, 3, 4, 5, 6, 7, 8, 9, 10, 11, 12, 13]
2026-04-11 17:24:09 [DEBUG   ] fea_solver.constraints: Reduced system: 12 free DOFs, 2 constrained DOFs
2026-04-11 17:24:09 [DEBUG   ] fea_solver.solver: K_ff condition number: 5.923e+06
2026-04-11 17:24:09 [DEBUG   ] fea_solver.solver: Max displacement: 1.030320e+02
2026-04-11 17:24:09 [DEBUG   ] fea_solver.solver: Reactions: [1.00e+00 1.98e+03]
2026-04-11 17:24:09 [INFO    ] fea_solver.solver: Solve complete: max|u|=1.0303e+02, max|R|=1.9800e+03
2026-04-11 17:24:09 [INFO    ] fea_solver: Post-processing element internal forces...
2026-04-11 17:24:09 [DEBUG   ] fea_solver.postprocessor: Element 1: V_range=[1.7500e+00, 1.7500e+00], M_range=[-1.9875e+03, -1.8825e+03], v_range=[-3.5145e+00, 0.0000e+00]
2026-04-11 17:24:09 [DEBUG   ] fea_solver.postprocessor: Post-processed element 1
2026-04-11 17:24:09 [DEBUG   ] fea_solver.postprocessor: Element 2: V_range=[3.2500e+00, 3.2500e+00], M_range=[-1.8825e+03, -1.6875e+03], v_range=[-1.3752e+01, -3.5145e+00]
2026-04-11 17:24:09 [DEBUG   ] fea_solver.postprocessor: Post-processed element 2
2026-04-11 17:24:09 [DEBUG   ] fea_solver.postprocessor: Element 3: V_range=[4.7500e+00, 4.7500e+00], M_range=[-1.6875e+03, -1.4025e+03], v_range=[-3.0011e+01, -1.3752e+01]
2026-04-11 17:24:09 [DEBUG   ] fea_solver.postprocessor: Post-processed element 3
2026-04-11 17:24:09 [DEBUG   ] fea_solver.postprocessor: Element 4: V_range=[6.2500e+00, 6.2500e+00], M_range=[-1.4025e+03, -1.0275e+03], v_range=[-5.1264e+01, -3.0011e+01]
2026-04-11 17:24:09 [DEBUG   ] fea_solver.postprocessor: Post-processed element 4
2026-04-11 17:24:09 [DEBUG   ] fea_solver.postprocessor: Element 5: V_range=[7.7500e+00, 7.7500e+00], M_range=[-1.0275e+03, -5.6250e+02], v_range=[-7.6163e+01, -5.1264e+01]
2026-04-11 17:24:09 [DEBUG   ] fea_solver.postprocessor: Post-processed element 5
2026-04-11 17:24:09 [DEBUG   ] fea_solver.postprocessor: Element 6: V_range=[9.2500e+00, 9.2500e+00], M_range=[-5.6250e+02, -7.5000e+00], v_range=[-1.0303e+02, -7.6163e+01]
2026-04-11 17:24:09 [DEBUG   ] fea_solver.postprocessor: Post-processed element 6
2026-04-11 17:24:09 [DEBUG   ] fea_solver.constraints: Constrained DOFs: [0, 1]
2026-04-11 17:24:09 [INFO    ] fea_solver.reporter: Report generated:
============================================================
FEA SOLVER REPORT -- problem_2/fine
Unit system: empirical
============================================================
Nodes: 7
Elements: 6
Total DOFs: 14

--- Nodal Displacements ---
  Node 1 (x=0.000 in): v=0.000000e+00 in theta=0.000000e+00 rad
  Node 2 (x=60.000 in): v=-3.514500e+00 in theta=-1.161000e-01 rad
  Node 3 (x=120.000 in): v=-1.375200e+01 in theta=-2.232000e-01 rad
  Node 4 (x=180.000 in): v=-3.001050e+01 in theta=-3.159000e-01 rad
  Node 5 (x=240.000 in): v=-5.126400e+01 in theta=-3.888000e-01 rad
  Node 6 (x=300.000 in): v=-7.616250e+01 in theta=-4.365000e-01 rad
  Node 7 (x=360.000 in): v=-1.030320e+02 in theta=-4.536000e-01 rad

--- Element Forces ---
  Elem 1: N=0.0000e+00 lb, |V|_max=1.7500e+00 lb, |M|_max=1.9875e+03 in-lb
  Elem 2: N=0.0000e+00 lb, |V|_max=3.2500e+00 lb, |M|_max=1.8825e+03 in-lb
  Elem 3: N=0.0000e+00 lb, |V|_max=4.7500e+00 lb, |M|_max=1.6875e+03 in-lb
  Elem 4: N=0.0000e+00 lb, |V|_max=6.2500e+00 lb, |M|_max=1.4025e+03 in-lb
  Elem 5: N=0.0000e+00 lb, |V|_max=7.7500e+00 lb, |M|_max=1.0275e+03 in-lb
  Elem 6: N=0.0000e+00 lb, |V|_max=9.2500e+00 lb, |M|_max=5.6250e+02 in-lb
2026-04-11 17:24:10 [INFO    ] fea_solver.plotter: Shear plot saved to outputs\problem_2_shear.png
2026-04-11 17:24:10 [INFO    ] fea_solver.plotter: Moments plot saved to outputs\problem_2_moment.png
2026-04-11 17:24:10 [INFO    ] fea_solver.plotter: Vertical displacement plot saved to outputs\problem_2_vertical_disp.png
2026-04-11 17:24:10 [INFO    ] fea_solver.plotter: Axial displacement plot saved to outputs\problem_2_axial_disp.png
2026-04-11 17:24:10 [INFO    ] fea_solver.plotter: Rotation plot saved to outputs\problem_2_rotation.png
2026-04-11 17:24:10 [INFO    ] fea_solver: Plots saved to outputs
2026-04-11 17:24:10 [INFO    ] fea_solver: === FEA Solver complete ===
